/home/serch/puzzlebot_ws/install/control_pkg/lib/python3.10/site-packages/control_pkg/turn_node.py
/home/serch/puzzlebot_ws/install/control_pkg/lib/python3.10/site-packages/control_pkg/line_follower_intersection.py
/home/serch/puzzlebot_ws/install/control_pkg/lib/python3.10/site-packages/control_pkg/__init__.py
/home/serch/puzzlebot_ws/install/control_pkg/lib/python3.10/site-packages/control_pkg/path_generator_traffic.py
/home/serch/puzzlebot_ws/install/control_pkg/lib/python3.10/site-packages/control_pkg/path_generator_node.py
/home/serch/puzzlebot_ws/install/control_pkg/lib/python3.10/site-packages/control_pkg/line_follower_controller.py
/home/serch/puzzlebot_ws/install/control_pkg/lib/python3.10/site-packages/control_pkg/line_follower_sign.py
/home/serch/puzzlebot_ws/install/control_pkg/lib/python3.10/site-packages/control_pkg/odometry_node.py
/home/serch/puzzlebot_ws/install/control_pkg/lib/python3.10/site-packages/control_pkg/traffic_line.py
/home/serch/puzzlebot_ws/install/control_pkg/lib/python3.10/site-packages/control_pkg/pid_controller_node.py
/home/serch/puzzlebot_ws/install/control_pkg/lib/python3.10/site-packages/control_pkg/traffic_light_controller.py
/home/serch/puzzlebot_ws/install/control_pkg/lib/python3.10/site-packages/control_pkg/state_machine copy.py
/home/serch/puzzlebot_ws/install/control_pkg/lib/python3.10/site-packages/control_pkg/state_machine.py
/home/serch/puzzlebot_ws/install/control_pkg/lib/python3.10/site-packages/control_pkg/__pycache__/turn_node.cpython-310.pyc
/home/serch/puzzlebot_ws/install/control_pkg/lib/python3.10/site-packages/control_pkg/__pycache__/line_follower_intersection.cpython-310.pyc
/home/serch/puzzlebot_ws/install/control_pkg/lib/python3.10/site-packages/control_pkg/__pycache__/__init__.cpython-310.pyc
/home/serch/puzzlebot_ws/install/control_pkg/lib/python3.10/site-packages/control_pkg/__pycache__/path_generator_traffic.cpython-310.pyc
/home/serch/puzzlebot_ws/install/control_pkg/lib/python3.10/site-packages/control_pkg/__pycache__/path_generator_node.cpython-310.pyc
/home/serch/puzzlebot_ws/install/control_pkg/lib/python3.10/site-packages/control_pkg/__pycache__/line_follower_controller.cpython-310.pyc
/home/serch/puzzlebot_ws/install/control_pkg/lib/python3.10/site-packages/control_pkg/__pycache__/line_follower_sign.cpython-310.pyc
/home/serch/puzzlebot_ws/install/control_pkg/lib/python3.10/site-packages/control_pkg/__pycache__/odometry_node.cpython-310.pyc
/home/serch/puzzlebot_ws/install/control_pkg/lib/python3.10/site-packages/control_pkg/__pycache__/traffic_line.cpython-310.pyc
/home/serch/puzzlebot_ws/install/control_pkg/lib/python3.10/site-packages/control_pkg/__pycache__/pid_controller_node.cpython-310.pyc
/home/serch/puzzlebot_ws/install/control_pkg/lib/python3.10/site-packages/control_pkg/__pycache__/traffic_light_controller.cpython-310.pyc
/home/serch/puzzlebot_ws/install/control_pkg/lib/python3.10/site-packages/control_pkg/__pycache__/state_machine copy.cpython-310.pyc
/home/serch/puzzlebot_ws/install/control_pkg/lib/python3.10/site-packages/control_pkg/__pycache__/state_machine.cpython-310.pyc
/home/serch/puzzlebot_ws/install/control_pkg/share/ament_index/resource_index/packages/control_pkg
/home/serch/puzzlebot_ws/install/control_pkg/share/control_pkg/package.xml
/home/serch/puzzlebot_ws/install/control_pkg/lib/control_pkg/line_follower_controller
/home/serch/puzzlebot_ws/install/control_pkg/lib/control_pkg/traffic_line
/home/serch/puzzlebot_ws/install/control_pkg/lib/control_pkg/line_follower_intersection
/home/serch/puzzlebot_ws/install/control_pkg/share/control_pkg/launch/puzzlebot.launch.py
/home/serch/puzzlebot_ws/install/control_pkg/lib/python3.10/site-packages/control_pkg-0.1.0-py3.10.egg-info/zip-safe
/home/serch/puzzlebot_ws/install/control_pkg/lib/python3.10/site-packages/control_pkg-0.1.0-py3.10.egg-info/entry_points.txt
/home/serch/puzzlebot_ws/install/control_pkg/lib/python3.10/site-packages/control_pkg-0.1.0-py3.10.egg-info/top_level.txt
/home/serch/puzzlebot_ws/install/control_pkg/lib/python3.10/site-packages/control_pkg-0.1.0-py3.10.egg-info/requires.txt
/home/serch/puzzlebot_ws/install/control_pkg/lib/python3.10/site-packages/control_pkg-0.1.0-py3.10.egg-info/PKG-INFO
/home/serch/puzzlebot_ws/install/control_pkg/lib/python3.10/site-packages/control_pkg-0.1.0-py3.10.egg-info/dependency_links.txt
/home/serch/puzzlebot_ws/install/control_pkg/lib/python3.10/site-packages/control_pkg-0.1.0-py3.10.egg-info/SOURCES.txt
/home/serch/puzzlebot_ws/install/control_pkg/lib/control_pkg/odometry_node
/home/serch/puzzlebot_ws/install/control_pkg/lib/control_pkg/path_generator_node
/home/serch/puzzlebot_ws/install/control_pkg/lib/control_pkg/path_generator_traffic
/home/serch/puzzlebot_ws/install/control_pkg/lib/control_pkg/pid_controller_node
/home/serch/puzzlebot_ws/install/control_pkg/lib/control_pkg/state_machine
/home/serch/puzzlebot_ws/install/control_pkg/lib/control_pkg/traffic_light_controller
/home/serch/puzzlebot_ws/install/control_pkg/lib/control_pkg/turn_node
