[1.029s] Invoking command in '/home/serch/puzzlebot_ws/src/control_pkg': PYTHONPATH=/home/serch/puzzlebot_ws/build/control_pkg/prefix_override:/usr/lib/python3/dist-packages/colcon_core/task/python/colcon_distutils_commands:/home/serch/puzzlebot_ws/install/control_pkg/lib/python3.10/site-packages:${PYTHONPATH} /usr/bin/python3 -W ignore:setup.py install is deprecated -W ignore:easy_install command is deprecated setup.py egg_info --egg-base ../../build/control_pkg build --build-base /home/serch/puzzlebot_ws/build/control_pkg/build install --record /home/serch/puzzlebot_ws/build/control_pkg/install.log --single-version-externally-managed install_data
[1.214s] running egg_info
[1.215s] writing ../../build/control_pkg/control_pkg.egg-info/PKG-INFO
[1.215s] writing dependency_links to ../../build/control_pkg/control_pkg.egg-info/dependency_links.txt
[1.215s] writing entry points to ../../build/control_pkg/control_pkg.egg-info/entry_points.txt
[1.215s] writing requirements to ../../build/control_pkg/control_pkg.egg-info/requires.txt
[1.215s] writing top-level names to ../../build/control_pkg/control_pkg.egg-info/top_level.txt
[1.216s] reading manifest file '../../build/control_pkg/control_pkg.egg-info/SOURCES.txt'
[1.218s] writing manifest file '../../build/control_pkg/control_pkg.egg-info/SOURCES.txt'
[1.218s] running build
[1.218s] running build_py
[1.218s] running install
[1.218s] running install_lib
[1.219s] running install_data
[1.220s] running install_egg_info
[1.221s] removing '/home/serch/puzzlebot_ws/install/control_pkg/lib/python3.10/site-packages/control_pkg-0.1.0-py3.10.egg-info' (and everything under it)
[1.222s] Copying ../../build/control_pkg/control_pkg.egg-info to /home/serch/puzzlebot_ws/install/control_pkg/lib/python3.10/site-packages/control_pkg-0.1.0-py3.10.egg-info
[1.222s] running install_scripts
[1.241s] Installing line_follower_controller script to /home/serch/puzzlebot_ws/install/control_pkg/lib/control_pkg
[1.241s] Installing line_follower_intersection script to /home/serch/puzzlebot_ws/install/control_pkg/lib/control_pkg
[1.242s] Installing odometry_node script to /home/serch/puzzlebot_ws/install/control_pkg/lib/control_pkg
[1.242s] Installing path_generator_node script to /home/serch/puzzlebot_ws/install/control_pkg/lib/control_pkg
[1.242s] Installing path_generator_traffic script to /home/serch/puzzlebot_ws/install/control_pkg/lib/control_pkg
[1.242s] Installing pid_controller_node script to /home/serch/puzzlebot_ws/install/control_pkg/lib/control_pkg
[1.243s] Installing state_machine script to /home/serch/puzzlebot_ws/install/control_pkg/lib/control_pkg
[1.243s] Installing traffic_light_controller script to /home/serch/puzzlebot_ws/install/control_pkg/lib/control_pkg
[1.243s] Installing traffic_line script to /home/serch/puzzlebot_ws/install/control_pkg/lib/control_pkg
[1.243s] Installing turn_node script to /home/serch/puzzlebot_ws/install/control_pkg/lib/control_pkg
[1.243s] writing list of installed files to '/home/serch/puzzlebot_ws/build/control_pkg/install.log'
