running egg_info
writing ../../build/UI/UI.egg-info/PKG-INFO
writing dependency_links to ../../build/UI/UI.egg-info/dependency_links.txt
writing entry points to ../../build/UI/UI.egg-info/entry_points.txt
writing requirements to ../../build/UI/UI.egg-info/requires.txt
writing top-level names to ../../build/UI/UI.egg-info/top_level.txt
reading manifest file '../../build/UI/UI.egg-info/SOURCES.txt'
writing manifest file '../../build/UI/UI.egg-info/SOURCES.txt'
running build
running build_py
running install
running install_lib
running install_data
copying launch/puzzlebot.launch.py -> /home/serch/puzzlebot_ws/install/UI/share/UI/launch
running install_egg_info
removing '/home/serch/puzzlebot_ws/install/UI/lib/python3.10/site-packages/UI-0.0.0-py3.10.egg-info' (and everything under it)
Copying ../../build/UI/UI.egg-info to /home/serch/puzzlebot_ws/install/UI/lib/python3.10/site-packages/UI-0.0.0-py3.10.egg-info
running install_scripts
Installing monitor_UI script to /home/serch/puzzlebot_ws/install/UI/lib/UI
writing list of installed files to '/home/serch/puzzlebot_ws/build/UI/install.log'
