[1.108s] Invoking command in '/home/serch/puzzlebot_ws/src/control_pkg': PYTHONPATH=/home/serch/puzzlebot_ws/build/control_pkg/prefix_override:/usr/lib/python3/dist-packages/colcon_core/task/python/colcon_distutils_commands:/home/serch/puzzlebot_ws/install/control_pkg/lib/python3.10/site-packages:${PYTHONPATH} /usr/bin/python3 -W ignore:setup.py install is deprecated -W ignore:easy_install command is deprecated setup.py egg_info --egg-base ../../build/control_pkg build --build-base /home/serch/puzzlebot_ws/build/control_pkg/build install --record /home/serch/puzzlebot_ws/build/control_pkg/install.log --single-version-externally-managed install_data
[1.298s] running egg_info
[1.299s] writing ../../build/control_pkg/control_pkg.egg-info/PKG-INFO
[1.299s] writing dependency_links to ../../build/control_pkg/control_pkg.egg-info/dependency_links.txt
[1.299s] writing entry points to ../../build/control_pkg/control_pkg.egg-info/entry_points.txt
[1.299s] writing requirements to ../../build/control_pkg/control_pkg.egg-info/requires.txt
[1.299s] writing top-level names to ../../build/control_pkg/control_pkg.egg-info/top_level.txt
[1.301s] reading manifest file '../../build/control_pkg/control_pkg.egg-info/SOURCES.txt'
[1.301s] writing manifest file '../../build/control_pkg/control_pkg.egg-info/SOURCES.txt'
[1.301s] running build
[1.302s] running build_py
[1.302s] running install
[1.302s] running install_lib
[1.304s] running install_data
[1.304s] running install_egg_info
[1.305s] removing '/home/serch/puzzlebot_ws/install/control_pkg/lib/python3.10/site-packages/control_pkg-0.1.0-py3.10.egg-info' (and everything under it)
[1.305s] Copying ../../build/control_pkg/control_pkg.egg-info to /home/serch/puzzlebot_ws/install/control_pkg/lib/python3.10/site-packages/control_pkg-0.1.0-py3.10.egg-info
[1.306s] running install_scripts
[1.322s] Installing line_follower_controller script to /home/serch/puzzlebot_ws/install/control_pkg/lib/control_pkg
[1.323s] Installing line_follower_intersection script to /home/serch/puzzlebot_ws/install/control_pkg/lib/control_pkg
[1.323s] Installing odometry_node script to /home/serch/puzzlebot_ws/install/control_pkg/lib/control_pkg
[1.323s] Installing path_generator_node script to /home/serch/puzzlebot_ws/install/control_pkg/lib/control_pkg
[1.324s] Installing path_generator_traffic script to /home/serch/puzzlebot_ws/install/control_pkg/lib/control_pkg
[1.324s] Installing pid_controller_node script to /home/serch/puzzlebot_ws/install/control_pkg/lib/control_pkg
[1.324s] Installing state_machine script to /home/serch/puzzlebot_ws/install/control_pkg/lib/control_pkg
[1.324s] Installing traffic_light_controller script to /home/serch/puzzlebot_ws/install/control_pkg/lib/control_pkg
[1.324s] Installing traffic_line script to /home/serch/puzzlebot_ws/install/control_pkg/lib/control_pkg
[1.324s] Installing turn_node script to /home/serch/puzzlebot_ws/install/control_pkg/lib/control_pkg
[1.324s] writing list of installed files to '/home/serch/puzzlebot_ws/build/control_pkg/install.log'
[1.361s] Invoked command in '/home/serch/puzzlebot_ws/src/control_pkg' returned '0': PYTHONPATH=/home/serch/puzzlebot_ws/build/control_pkg/prefix_override:/usr/lib/python3/dist-packages/colcon_core/task/python/colcon_distutils_commands:/home/serch/puzzlebot_ws/install/control_pkg/lib/python3.10/site-packages:${PYTHONPATH} /usr/bin/python3 -W ignore:setup.py install is deprecated -W ignore:easy_install command is deprecated setup.py egg_info --egg-base ../../build/control_pkg build --build-base /home/serch/puzzlebot_ws/build/control_pkg/build install --record /home/serch/puzzlebot_ws/build/control_pkg/install.log --single-version-externally-managed install_data
