[2.907s] Invoking command in '/home/serch/puzzlebot_ws/src/control_pkg': PYTHONPATH=/home/serch/puzzlebot_ws/build/control_pkg/prefix_override:/usr/lib/python3/dist-packages/colcon_core/task/python/colcon_distutils_commands:/home/serch/puzzlebot_ws/install/control_pkg/lib/python3.10/site-packages:${PYTHONPATH} /usr/bin/python3 -W ignore:setup.py install is deprecated -W ignore:easy_install command is deprecated setup.py egg_info --egg-base ../../build/control_pkg build --build-base /home/serch/puzzlebot_ws/build/control_pkg/build install --record /home/serch/puzzlebot_ws/build/control_pkg/install.log --single-version-externally-managed install_data
[3.498s] running egg_info
[3.500s] writing ../../build/control_pkg/control_pkg.egg-info/PKG-INFO
[3.501s] writing dependency_links to ../../build/control_pkg/control_pkg.egg-info/dependency_links.txt
[3.501s] writing entry points to ../../build/control_pkg/control_pkg.egg-info/entry_points.txt
[3.502s] writing requirements to ../../build/control_pkg/control_pkg.egg-info/requires.txt
[3.502s] writing top-level names to ../../build/control_pkg/control_pkg.egg-info/top_level.txt
[3.506s] reading manifest file '../../build/control_pkg/control_pkg.egg-info/SOURCES.txt'
[3.508s] writing manifest file '../../build/control_pkg/control_pkg.egg-info/SOURCES.txt'
[3.509s] running build
[3.509s] running build_py
[3.511s] running install
[3.511s] running install_lib
[3.515s] running install_data
[3.516s] running install_egg_info
[3.520s] removing '/home/serch/puzzlebot_ws/install/control_pkg/lib/python3.10/site-packages/control_pkg-0.1.0-py3.10.egg-info' (and everything under it)
[3.520s] Copying ../../build/control_pkg/control_pkg.egg-info to /home/serch/puzzlebot_ws/install/control_pkg/lib/python3.10/site-packages/control_pkg-0.1.0-py3.10.egg-info
[3.523s] running install_scripts
[3.566s] Installing line_follower_controller script to /home/serch/puzzlebot_ws/install/control_pkg/lib/control_pkg
[3.566s] Installing line_follower_intersection script to /home/serch/puzzlebot_ws/install/control_pkg/lib/control_pkg
[3.566s] Installing odometry_node script to /home/serch/puzzlebot_ws/install/control_pkg/lib/control_pkg
[3.567s] Installing path_generator_node script to /home/serch/puzzlebot_ws/install/control_pkg/lib/control_pkg
[3.567s] Installing path_generator_traffic script to /home/serch/puzzlebot_ws/install/control_pkg/lib/control_pkg
[3.568s] Installing pid_controller_node script to /home/serch/puzzlebot_ws/install/control_pkg/lib/control_pkg
[3.568s] Installing state_machine script to /home/serch/puzzlebot_ws/install/control_pkg/lib/control_pkg
[3.568s] Installing traffic_light_controller script to /home/serch/puzzlebot_ws/install/control_pkg/lib/control_pkg
[3.569s] Installing traffic_line script to /home/serch/puzzlebot_ws/install/control_pkg/lib/control_pkg
[3.569s] Installing turn_node script to /home/serch/puzzlebot_ws/install/control_pkg/lib/control_pkg
[3.570s] writing list of installed files to '/home/serch/puzzlebot_ws/build/control_pkg/install.log'
[3.618s] Invoked command in '/home/serch/puzzlebot_ws/src/control_pkg' returned '0': PYTHONPATH=/home/serch/puzzlebot_ws/build/control_pkg/prefix_override:/usr/lib/python3/dist-packages/colcon_core/task/python/colcon_distutils_commands:/home/serch/puzzlebot_ws/install/control_pkg/lib/python3.10/site-packages:${PYTHONPATH} /usr/bin/python3 -W ignore:setup.py install is deprecated -W ignore:easy_install command is deprecated setup.py egg_info --egg-base ../../build/control_pkg build --build-base /home/serch/puzzlebot_ws/build/control_pkg/build install --record /home/serch/puzzlebot_ws/build/control_pkg/install.log --single-version-externally-managed install_data
