[2.977s] Invoking command in '/home/serch/puzzlebot_ws/src/detector_pkg': PYTHONPATH=/home/serch/puzzlebot_ws/build/detector_pkg/prefix_override:/usr/lib/python3/dist-packages/colcon_core/task/python/colcon_distutils_commands:/home/serch/puzzlebot_ws/install/detector_pkg/lib/python3.10/site-packages:${PYTHONPATH} /usr/bin/python3 -W ignore:setup.py install is deprecated -W ignore:easy_install command is deprecated setup.py egg_info --egg-base ../../build/detector_pkg build --build-base /home/serch/puzzlebot_ws/build/detector_pkg/build install --record /home/serch/puzzlebot_ws/build/detector_pkg/install.log --single-version-externally-managed install_data
[3.570s] running egg_info
[3.571s] writing ../../build/detector_pkg/detector_pkg.egg-info/PKG-INFO
[3.572s] writing dependency_links to ../../build/detector_pkg/detector_pkg.egg-info/dependency_links.txt
[3.572s] writing entry points to ../../build/detector_pkg/detector_pkg.egg-info/entry_points.txt
[3.573s] writing requirements to ../../build/detector_pkg/detector_pkg.egg-info/requires.txt
[3.573s] writing top-level names to ../../build/detector_pkg/detector_pkg.egg-info/top_level.txt
[3.577s] reading manifest file '../../build/detector_pkg/detector_pkg.egg-info/SOURCES.txt'
[3.579s] writing manifest file '../../build/detector_pkg/detector_pkg.egg-info/SOURCES.txt'
[3.579s] running build
[3.579s] running build_py
[3.580s] running install
[3.581s] running install_lib
[3.584s] running install_data
[3.584s] running install_egg_info
[3.588s] removing '/home/serch/puzzlebot_ws/install/detector_pkg/lib/python3.10/site-packages/detector_pkg-0.1.0-py3.10.egg-info' (and everything under it)
[3.589s] Copying ../../build/detector_pkg/detector_pkg.egg-info to /home/serch/puzzlebot_ws/install/detector_pkg/lib/python3.10/site-packages/detector_pkg-0.1.0-py3.10.egg-info
[3.591s] running install_scripts
[3.637s] Installing angular_error_node script to /home/serch/puzzlebot_ws/install/detector_pkg/lib/detector_pkg
[3.637s] Installing debug_visualizer script to /home/serch/puzzlebot_ws/install/detector_pkg/lib/detector_pkg
[3.638s] Installing line_detector script to /home/serch/puzzlebot_ws/install/detector_pkg/lib/detector_pkg
[3.639s] Installing sign_detector script to /home/serch/puzzlebot_ws/install/detector_pkg/lib/detector_pkg
[3.640s] Installing traffic_detector script to /home/serch/puzzlebot_ws/install/detector_pkg/lib/detector_pkg
[3.641s] writing list of installed files to '/home/serch/puzzlebot_ws/build/detector_pkg/install.log'
[3.690s] Invoked command in '/home/serch/puzzlebot_ws/src/detector_pkg' returned '0': PYTHONPATH=/home/serch/puzzlebot_ws/build/detector_pkg/prefix_override:/usr/lib/python3/dist-packages/colcon_core/task/python/colcon_distutils_commands:/home/serch/puzzlebot_ws/install/detector_pkg/lib/python3.10/site-packages:${PYTHONPATH} /usr/bin/python3 -W ignore:setup.py install is deprecated -W ignore:easy_install command is deprecated setup.py egg_info --egg-base ../../build/detector_pkg build --build-base /home/serch/puzzlebot_ws/build/detector_pkg/build install --record /home/serch/puzzlebot_ws/build/detector_pkg/install.log --single-version-externally-managed install_data
