[0.786s] Invoking command in '/home/serch/puzzlebot_ws/src/detector_pkg': PYTHONPATH=/home/serch/puzzlebot_ws/build/detector_pkg/prefix_override:/usr/lib/python3/dist-packages/colcon_core/task/python/colcon_distutils_commands:/home/serch/puzzlebot_ws/install/detector_pkg/lib/python3.10/site-packages:${PYTHONPATH} /usr/bin/python3 -W ignore:setup.py install is deprecated -W ignore:easy_install command is deprecated setup.py egg_info --egg-base ../../build/detector_pkg build --build-base /home/serch/puzzlebot_ws/build/detector_pkg/build install --record /home/serch/puzzlebot_ws/build/detector_pkg/install.log --single-version-externally-managed install_data
[0.964s] running egg_info
[0.965s] writing ../../build/detector_pkg/detector_pkg.egg-info/PKG-INFO
[0.965s] writing dependency_links to ../../build/detector_pkg/detector_pkg.egg-info/dependency_links.txt
[0.965s] writing entry points to ../../build/detector_pkg/detector_pkg.egg-info/entry_points.txt
[0.965s] writing requirements to ../../build/detector_pkg/detector_pkg.egg-info/requires.txt
[0.965s] writing top-level names to ../../build/detector_pkg/detector_pkg.egg-info/top_level.txt
[0.966s] reading manifest file '../../build/detector_pkg/detector_pkg.egg-info/SOURCES.txt'
[0.967s] writing manifest file '../../build/detector_pkg/detector_pkg.egg-info/SOURCES.txt'
[0.967s] running build
[0.967s] running build_py
[0.967s] running install
[0.967s] running install_lib
[0.968s] running install_data
[0.968s] running install_egg_info
[0.970s] removing '/home/serch/puzzlebot_ws/install/detector_pkg/lib/python3.10/site-packages/detector_pkg-0.1.0-py3.10.egg-info' (and everything under it)
[0.970s] Copying ../../build/detector_pkg/detector_pkg.egg-info to /home/serch/puzzlebot_ws/install/detector_pkg/lib/python3.10/site-packages/detector_pkg-0.1.0-py3.10.egg-info
[0.971s] running install_scripts
[0.985s] Installing angular_error_node script to /home/serch/puzzlebot_ws/install/detector_pkg/lib/detector_pkg
[0.985s] Installing debug_visualizer script to /home/serch/puzzlebot_ws/install/detector_pkg/lib/detector_pkg
[0.985s] Installing line_detector script to /home/serch/puzzlebot_ws/install/detector_pkg/lib/detector_pkg
[0.985s] Installing sign_detector script to /home/serch/puzzlebot_ws/install/detector_pkg/lib/detector_pkg
[0.985s] Installing traffic_detector script to /home/serch/puzzlebot_ws/install/detector_pkg/lib/detector_pkg
[0.986s] writing list of installed files to '/home/serch/puzzlebot_ws/build/detector_pkg/install.log'
[1.005s] Invoked command in '/home/serch/puzzlebot_ws/src/detector_pkg' returned '0': PYTHONPATH=/home/serch/puzzlebot_ws/build/detector_pkg/prefix_override:/usr/lib/python3/dist-packages/colcon_core/task/python/colcon_distutils_commands:/home/serch/puzzlebot_ws/install/detector_pkg/lib/python3.10/site-packages:${PYTHONPATH} /usr/bin/python3 -W ignore:setup.py install is deprecated -W ignore:easy_install command is deprecated setup.py egg_info --egg-base ../../build/detector_pkg build --build-base /home/serch/puzzlebot_ws/build/detector_pkg/build install --record /home/serch/puzzlebot_ws/build/detector_pkg/install.log --single-version-externally-managed install_data
