running egg_info
creating ../../build/detector_pkg/detector_pkg.egg-info
writing ../../build/detector_pkg/detector_pkg.egg-info/PKG-INFO
writing dependency_links to ../../build/detector_pkg/detector_pkg.egg-info/dependency_links.txt
writing entry points to ../../build/detector_pkg/detector_pkg.egg-info/entry_points.txt
writing requirements to ../../build/detector_pkg/detector_pkg.egg-info/requires.txt
writing top-level names to ../../build/detector_pkg/detector_pkg.egg-info/top_level.txt
writing manifest file '../../build/detector_pkg/detector_pkg.egg-info/SOURCES.txt'
reading manifest file '../../build/detector_pkg/detector_pkg.egg-info/SOURCES.txt'
writing manifest file '../../build/detector_pkg/detector_pkg.egg-info/SOURCES.txt'
running build
running build_py
creating /home/serch/puzzlebot_ws/build/detector_pkg/build
creating /home/serch/puzzlebot_ws/build/detector_pkg/build/lib
creating /home/serch/puzzlebot_ws/build/detector_pkg/build/lib/detector_pkg
copying detector_pkg/__init__.py -> /home/serch/puzzlebot_ws/build/detector_pkg/build/lib/detector_pkg
copying detector_pkg/debug_visualizer.py -> /home/serch/puzzlebot_ws/build/detector_pkg/build/lib/detector_pkg
copying detector_pkg/pruebamodelo.py -> /home/serch/puzzlebot_ws/build/detector_pkg/build/lib/detector_pkg
copying detector_pkg/angular_error_node.py -> /home/serch/puzzlebot_ws/build/detector_pkg/build/lib/detector_pkg
copying detector_pkg/sign_detector.py -> /home/serch/puzzlebot_ws/build/detector_pkg/build/lib/detector_pkg
copying detector_pkg/traffic_detector.py -> /home/serch/puzzlebot_ws/build/detector_pkg/build/lib/detector_pkg
running install
running install_lib
creating /home/serch/puzzlebot_ws/install/detector_pkg/lib/python3.10/site-packages/detector_pkg
copying /home/serch/puzzlebot_ws/build/detector_pkg/build/lib/detector_pkg/__init__.py -> /home/serch/puzzlebot_ws/install/detector_pkg/lib/python3.10/site-packages/detector_pkg
copying /home/serch/puzzlebot_ws/build/detector_pkg/build/lib/detector_pkg/debug_visualizer.py -> /home/serch/puzzlebot_ws/install/detector_pkg/lib/python3.10/site-packages/detector_pkg
copying /home/serch/puzzlebot_ws/build/detector_pkg/build/lib/detector_pkg/pruebamodelo.py -> /home/serch/puzzlebot_ws/install/detector_pkg/lib/python3.10/site-packages/detector_pkg
copying /home/serch/puzzlebot_ws/build/detector_pkg/build/lib/detector_pkg/angular_error_node.py -> /home/serch/puzzlebot_ws/install/detector_pkg/lib/python3.10/site-packages/detector_pkg
copying /home/serch/puzzlebot_ws/build/detector_pkg/build/lib/detector_pkg/sign_detector.py -> /home/serch/puzzlebot_ws/install/detector_pkg/lib/python3.10/site-packages/detector_pkg
copying /home/serch/puzzlebot_ws/build/detector_pkg/build/lib/detector_pkg/traffic_detector.py -> /home/serch/puzzlebot_ws/install/detector_pkg/lib/python3.10/site-packages/detector_pkg
byte-compiling /home/serch/puzzlebot_ws/install/detector_pkg/lib/python3.10/site-packages/detector_pkg/__init__.py to __init__.cpython-310.pyc
byte-compiling /home/serch/puzzlebot_ws/install/detector_pkg/lib/python3.10/site-packages/detector_pkg/debug_visualizer.py to debug_visualizer.cpython-310.pyc
byte-compiling /home/serch/puzzlebot_ws/install/detector_pkg/lib/python3.10/site-packages/detector_pkg/pruebamodelo.py to pruebamodelo.cpython-310.pyc
byte-compiling /home/serch/puzzlebot_ws/install/detector_pkg/lib/python3.10/site-packages/detector_pkg/angular_error_node.py to angular_error_node.cpython-310.pyc
byte-compiling /home/serch/puzzlebot_ws/install/detector_pkg/lib/python3.10/site-packages/detector_pkg/sign_detector.py to sign_detector.cpython-310.pyc
byte-compiling /home/serch/puzzlebot_ws/install/detector_pkg/lib/python3.10/site-packages/detector_pkg/traffic_detector.py to traffic_detector.cpython-310.pyc
running install_data
creating /home/serch/puzzlebot_ws/install/detector_pkg/share/ament_index
creating /home/serch/puzzlebot_ws/install/detector_pkg/share/ament_index/resource_index
creating /home/serch/puzzlebot_ws/install/detector_pkg/share/ament_index/resource_index/packages
copying resource/detector_pkg -> /home/serch/puzzlebot_ws/install/detector_pkg/share/ament_index/resource_index/packages
copying package.xml -> /home/serch/puzzlebot_ws/install/detector_pkg/share/detector_pkg
running install_egg_info
Copying ../../build/detector_pkg/detector_pkg.egg-info to /home/serch/puzzlebot_ws/install/detector_pkg/lib/python3.10/site-packages/detector_pkg-0.1.0-py3.10.egg-info
running install_scripts
Installing angular_error_node script to /home/serch/puzzlebot_ws/install/detector_pkg/lib/detector_pkg
Installing debug_visualizer script to /home/serch/puzzlebot_ws/install/detector_pkg/lib/detector_pkg
Installing line_detector script to /home/serch/puzzlebot_ws/install/detector_pkg/lib/detector_pkg
Installing sign_detector script to /home/serch/puzzlebot_ws/install/detector_pkg/lib/detector_pkg
Installing traffic_detector script to /home/serch/puzzlebot_ws/install/detector_pkg/lib/detector_pkg
writing list of installed files to '/home/serch/puzzlebot_ws/build/detector_pkg/install.log'
