[0.854s] Invoking command in '/home/serch/puzzlebot_ws/src/detector_pkg': PYTHONPATH=/home/serch/puzzlebot_ws/build/detector_pkg/prefix_override:/usr/lib/python3/dist-packages/colcon_core/task/python/colcon_distutils_commands:/home/serch/puzzlebot_ws/install/detector_pkg/lib/python3.10/site-packages:${PYTHONPATH} /usr/bin/python3 -W ignore:setup.py install is deprecated -W ignore:easy_install command is deprecated setup.py egg_info --egg-base ../../build/detector_pkg build --build-base /home/serch/puzzlebot_ws/build/detector_pkg/build install --record /home/serch/puzzlebot_ws/build/detector_pkg/install.log --single-version-externally-managed install_data
[1.041s] running egg_info
[1.041s] creating ../../build/detector_pkg/detector_pkg.egg-info
[1.041s] writing ../../build/detector_pkg/detector_pkg.egg-info/PKG-INFO
[1.042s] writing dependency_links to ../../build/detector_pkg/detector_pkg.egg-info/dependency_links.txt
[1.042s] writing entry points to ../../build/detector_pkg/detector_pkg.egg-info/entry_points.txt
[1.042s] writing requirements to ../../build/detector_pkg/detector_pkg.egg-info/requires.txt
[1.042s] writing top-level names to ../../build/detector_pkg/detector_pkg.egg-info/top_level.txt
[1.042s] writing manifest file '../../build/detector_pkg/detector_pkg.egg-info/SOURCES.txt'
[1.043s] reading manifest file '../../build/detector_pkg/detector_pkg.egg-info/SOURCES.txt'
[1.044s] writing manifest file '../../build/detector_pkg/detector_pkg.egg-info/SOURCES.txt'
[1.044s] running build
[1.044s] running build_py
[1.044s] creating /home/serch/puzzlebot_ws/build/detector_pkg/build
[1.044s] creating /home/serch/puzzlebot_ws/build/detector_pkg/build/lib
[1.044s] creating /home/serch/puzzlebot_ws/build/detector_pkg/build/lib/detector_pkg
[1.044s] copying detector_pkg/__init__.py -> /home/serch/puzzlebot_ws/build/detector_pkg/build/lib/detector_pkg
[1.044s] copying detector_pkg/debug_visualizer.py -> /home/serch/puzzlebot_ws/build/detector_pkg/build/lib/detector_pkg
[1.044s] copying detector_pkg/pruebamodelo.py -> /home/serch/puzzlebot_ws/build/detector_pkg/build/lib/detector_pkg
[1.044s] copying detector_pkg/angular_error_node.py -> /home/serch/puzzlebot_ws/build/detector_pkg/build/lib/detector_pkg
[1.044s] copying detector_pkg/sign_detector.py -> /home/serch/puzzlebot_ws/build/detector_pkg/build/lib/detector_pkg
[1.044s] copying detector_pkg/traffic_detector.py -> /home/serch/puzzlebot_ws/build/detector_pkg/build/lib/detector_pkg
[1.045s] running install
[1.045s] running install_lib
[1.045s] creating /home/serch/puzzlebot_ws/install/detector_pkg/lib/python3.10/site-packages/detector_pkg
[1.046s] copying /home/serch/puzzlebot_ws/build/detector_pkg/build/lib/detector_pkg/__init__.py -> /home/serch/puzzlebot_ws/install/detector_pkg/lib/python3.10/site-packages/detector_pkg
[1.046s] copying /home/serch/puzzlebot_ws/build/detector_pkg/build/lib/detector_pkg/debug_visualizer.py -> /home/serch/puzzlebot_ws/install/detector_pkg/lib/python3.10/site-packages/detector_pkg
[1.046s] copying /home/serch/puzzlebot_ws/build/detector_pkg/build/lib/detector_pkg/pruebamodelo.py -> /home/serch/puzzlebot_ws/install/detector_pkg/lib/python3.10/site-packages/detector_pkg
[1.047s] copying /home/serch/puzzlebot_ws/build/detector_pkg/build/lib/detector_pkg/angular_error_node.py -> /home/serch/puzzlebot_ws/install/detector_pkg/lib/python3.10/site-packages/detector_pkg
[1.047s] copying /home/serch/puzzlebot_ws/build/detector_pkg/build/lib/detector_pkg/sign_detector.py -> /home/serch/puzzlebot_ws/install/detector_pkg/lib/python3.10/site-packages/detector_pkg
[1.047s] copying /home/serch/puzzlebot_ws/build/detector_pkg/build/lib/detector_pkg/traffic_detector.py -> /home/serch/puzzlebot_ws/install/detector_pkg/lib/python3.10/site-packages/detector_pkg
[1.047s] byte-compiling /home/serch/puzzlebot_ws/install/detector_pkg/lib/python3.10/site-packages/detector_pkg/__init__.py to __init__.cpython-310.pyc
[1.047s] byte-compiling /home/serch/puzzlebot_ws/install/detector_pkg/lib/python3.10/site-packages/detector_pkg/debug_visualizer.py to debug_visualizer.cpython-310.pyc
[1.047s] byte-compiling /home/serch/puzzlebot_ws/install/detector_pkg/lib/python3.10/site-packages/detector_pkg/pruebamodelo.py to pruebamodelo.cpython-310.pyc
[1.047s] byte-compiling /home/serch/puzzlebot_ws/install/detector_pkg/lib/python3.10/site-packages/detector_pkg/angular_error_node.py to angular_error_node.cpython-310.pyc
[1.047s] byte-compiling /home/serch/puzzlebot_ws/install/detector_pkg/lib/python3.10/site-packages/detector_pkg/sign_detector.py to sign_detector.cpython-310.pyc
[1.051s] byte-compiling /home/serch/puzzlebot_ws/install/detector_pkg/lib/python3.10/site-packages/detector_pkg/traffic_detector.py to traffic_detector.cpython-310.pyc
[1.053s] running install_data
[1.053s] creating /home/serch/puzzlebot_ws/install/detector_pkg/share/ament_index
[1.053s] creating /home/serch/puzzlebot_ws/install/detector_pkg/share/ament_index/resource_index
[1.053s] creating /home/serch/puzzlebot_ws/install/detector_pkg/share/ament_index/resource_index/packages
[1.053s] copying resource/detector_pkg -> /home/serch/puzzlebot_ws/install/detector_pkg/share/ament_index/resource_index/packages
[1.053s] copying package.xml -> /home/serch/puzzlebot_ws/install/detector_pkg/share/detector_pkg
[1.053s] running install_egg_info
[1.055s] Copying ../../build/detector_pkg/detector_pkg.egg-info to /home/serch/puzzlebot_ws/install/detector_pkg/lib/python3.10/site-packages/detector_pkg-0.1.0-py3.10.egg-info
[1.055s] running install_scripts
[1.070s] Installing angular_error_node script to /home/serch/puzzlebot_ws/install/detector_pkg/lib/detector_pkg
[1.070s] Installing debug_visualizer script to /home/serch/puzzlebot_ws/install/detector_pkg/lib/detector_pkg
[1.070s] Installing line_detector script to /home/serch/puzzlebot_ws/install/detector_pkg/lib/detector_pkg
[1.070s] Installing sign_detector script to /home/serch/puzzlebot_ws/install/detector_pkg/lib/detector_pkg
[1.070s] Installing traffic_detector script to /home/serch/puzzlebot_ws/install/detector_pkg/lib/detector_pkg
[1.070s] writing list of installed files to '/home/serch/puzzlebot_ws/build/detector_pkg/install.log'
[1.091s] Invoked command in '/home/serch/puzzlebot_ws/src/detector_pkg' returned '0': PYTHONPATH=/home/serch/puzzlebot_ws/build/detector_pkg/prefix_override:/usr/lib/python3/dist-packages/colcon_core/task/python/colcon_distutils_commands:/home/serch/puzzlebot_ws/install/detector_pkg/lib/python3.10/site-packages:${PYTHONPATH} /usr/bin/python3 -W ignore:setup.py install is deprecated -W ignore:easy_install command is deprecated setup.py egg_info --egg-base ../../build/detector_pkg build --build-base /home/serch/puzzlebot_ws/build/detector_pkg/build install --record /home/serch/puzzlebot_ws/build/detector_pkg/install.log --single-version-externally-managed install_data
