[2.993s] Invoking command in '/home/serch/puzzlebot_ws/src/control_pkg': PYTHONPATH=/home/serch/puzzlebot_ws/build/control_pkg/prefix_override:/usr/lib/python3/dist-packages/colcon_core/task/python/colcon_distutils_commands:/home/serch/puzzlebot_ws/install/control_pkg/lib/python3.10/site-packages:${PYTHONPATH} /usr/bin/python3 -W ignore:setup.py install is deprecated -W ignore:easy_install command is deprecated setup.py egg_info --egg-base ../../build/control_pkg build --build-base /home/serch/puzzlebot_ws/build/control_pkg/build install --record /home/serch/puzzlebot_ws/build/control_pkg/install.log --single-version-externally-managed install_data
[3.575s] running egg_info
[3.576s] writing ../../build/control_pkg/control_pkg.egg-info/PKG-INFO
[3.577s] writing dependency_links to ../../build/control_pkg/control_pkg.egg-info/dependency_links.txt
[3.577s] writing entry points to ../../build/control_pkg/control_pkg.egg-info/entry_points.txt
[3.578s] writing requirements to ../../build/control_pkg/control_pkg.egg-info/requires.txt
[3.578s] writing top-level names to ../../build/control_pkg/control_pkg.egg-info/top_level.txt
[3.582s] reading manifest file '../../build/control_pkg/control_pkg.egg-info/SOURCES.txt'
[3.585s] writing manifest file '../../build/control_pkg/control_pkg.egg-info/SOURCES.txt'
[3.585s] running build
[3.585s] running build_py
[3.586s] copying control_pkg/state_machine.py -> /home/serch/puzzlebot_ws/build/control_pkg/build/lib/control_pkg
[3.587s] running install
[3.588s] running install_lib
[3.590s] copying /home/serch/puzzlebot_ws/build/control_pkg/build/lib/control_pkg/state_machine.py -> /home/serch/puzzlebot_ws/install/control_pkg/lib/python3.10/site-packages/control_pkg
[3.592s] byte-compiling /home/serch/puzzlebot_ws/install/control_pkg/lib/python3.10/site-packages/control_pkg/state_machine.py to state_machine.cpython-310.pyc
[3.597s] running install_data
[3.598s] running install_egg_info
[3.601s] removing '/home/serch/puzzlebot_ws/install/control_pkg/lib/python3.10/site-packages/control_pkg-0.1.0-py3.10.egg-info' (and everything under it)
[3.602s] Copying ../../build/control_pkg/control_pkg.egg-info to /home/serch/puzzlebot_ws/install/control_pkg/lib/python3.10/site-packages/control_pkg-0.1.0-py3.10.egg-info
[3.604s] running install_scripts
[3.650s] Installing line_follower_controller script to /home/serch/puzzlebot_ws/install/control_pkg/lib/control_pkg
[3.650s] Installing line_follower_intersection script to /home/serch/puzzlebot_ws/install/control_pkg/lib/control_pkg
[3.650s] Installing odometry_node script to /home/serch/puzzlebot_ws/install/control_pkg/lib/control_pkg
[3.650s] Installing path_generator_node script to /home/serch/puzzlebot_ws/install/control_pkg/lib/control_pkg
[3.650s] Installing path_generator_traffic script to /home/serch/puzzlebot_ws/install/control_pkg/lib/control_pkg
[3.651s] Installing pid_controller_node script to /home/serch/puzzlebot_ws/install/control_pkg/lib/control_pkg
[3.651s] Installing state_machine script to /home/serch/puzzlebot_ws/install/control_pkg/lib/control_pkg
[3.651s] Installing traffic_light_controller script to /home/serch/puzzlebot_ws/install/control_pkg/lib/control_pkg
[3.651s] Installing traffic_line script to /home/serch/puzzlebot_ws/install/control_pkg/lib/control_pkg
[3.652s] Installing turn_node script to /home/serch/puzzlebot_ws/install/control_pkg/lib/control_pkg
[3.652s] writing list of installed files to '/home/serch/puzzlebot_ws/build/control_pkg/install.log'
[3.716s] Invoked command in '/home/serch/puzzlebot_ws/src/control_pkg' returned '0': PYTHONPATH=/home/serch/puzzlebot_ws/build/control_pkg/prefix_override:/usr/lib/python3/dist-packages/colcon_core/task/python/colcon_distutils_commands:/home/serch/puzzlebot_ws/install/control_pkg/lib/python3.10/site-packages:${PYTHONPATH} /usr/bin/python3 -W ignore:setup.py install is deprecated -W ignore:easy_install command is deprecated setup.py egg_info --egg-base ../../build/control_pkg build --build-base /home/serch/puzzlebot_ws/build/control_pkg/build install --record /home/serch/puzzlebot_ws/build/control_pkg/install.log --single-version-externally-managed install_data
