running egg_info
creating ../../build/control_pkg/control_pkg.egg-info
writing ../../build/control_pkg/control_pkg.egg-info/PKG-INFO
writing dependency_links to ../../build/control_pkg/control_pkg.egg-info/dependency_links.txt
writing entry points to ../../build/control_pkg/control_pkg.egg-info/entry_points.txt
writing requirements to ../../build/control_pkg/control_pkg.egg-info/requires.txt
writing top-level names to ../../build/control_pkg/control_pkg.egg-info/top_level.txt
writing manifest file '../../build/control_pkg/control_pkg.egg-info/SOURCES.txt'
reading manifest file '../../build/control_pkg/control_pkg.egg-info/SOURCES.txt'
writing manifest file '../../build/control_pkg/control_pkg.egg-info/SOURCES.txt'
running build
running build_py
creating /home/serch/puzzlebot_ws/build/control_pkg/build
creating /home/serch/puzzlebot_ws/build/control_pkg/build/lib
creating /home/serch/puzzlebot_ws/build/control_pkg/build/lib/control_pkg
copying control_pkg/turn_node.py -> /home/serch/puzzlebot_ws/build/control_pkg/build/lib/control_pkg
copying control_pkg/line_follower_intersection.py -> /home/serch/puzzlebot_ws/build/control_pkg/build/lib/control_pkg
copying control_pkg/__init__.py -> /home/serch/puzzlebot_ws/build/control_pkg/build/lib/control_pkg
copying control_pkg/path_generator_traffic.py -> /home/serch/puzzlebot_ws/build/control_pkg/build/lib/control_pkg
copying control_pkg/path_generator_node.py -> /home/serch/puzzlebot_ws/build/control_pkg/build/lib/control_pkg
copying control_pkg/line_follower_controller.py -> /home/serch/puzzlebot_ws/build/control_pkg/build/lib/control_pkg
copying control_pkg/line_follower_sign.py -> /home/serch/puzzlebot_ws/build/control_pkg/build/lib/control_pkg
copying control_pkg/odometry_node.py -> /home/serch/puzzlebot_ws/build/control_pkg/build/lib/control_pkg
copying control_pkg/traffic_line.py -> /home/serch/puzzlebot_ws/build/control_pkg/build/lib/control_pkg
copying control_pkg/pid_controller_node.py -> /home/serch/puzzlebot_ws/build/control_pkg/build/lib/control_pkg
copying control_pkg/traffic_light_controller.py -> /home/serch/puzzlebot_ws/build/control_pkg/build/lib/control_pkg
copying control_pkg/state_machine.py -> /home/serch/puzzlebot_ws/build/control_pkg/build/lib/control_pkg
running install
running install_lib
creating /home/serch/puzzlebot_ws/install/control_pkg/lib/python3.10/site-packages/control_pkg
copying /home/serch/puzzlebot_ws/build/control_pkg/build/lib/control_pkg/turn_node.py -> /home/serch/puzzlebot_ws/install/control_pkg/lib/python3.10/site-packages/control_pkg
copying /home/serch/puzzlebot_ws/build/control_pkg/build/lib/control_pkg/line_follower_intersection.py -> /home/serch/puzzlebot_ws/install/control_pkg/lib/python3.10/site-packages/control_pkg
copying /home/serch/puzzlebot_ws/build/control_pkg/build/lib/control_pkg/__init__.py -> /home/serch/puzzlebot_ws/install/control_pkg/lib/python3.10/site-packages/control_pkg
copying /home/serch/puzzlebot_ws/build/control_pkg/build/lib/control_pkg/path_generator_traffic.py -> /home/serch/puzzlebot_ws/install/control_pkg/lib/python3.10/site-packages/control_pkg
copying /home/serch/puzzlebot_ws/build/control_pkg/build/lib/control_pkg/path_generator_node.py -> /home/serch/puzzlebot_ws/install/control_pkg/lib/python3.10/site-packages/control_pkg
copying /home/serch/puzzlebot_ws/build/control_pkg/build/lib/control_pkg/line_follower_controller.py -> /home/serch/puzzlebot_ws/install/control_pkg/lib/python3.10/site-packages/control_pkg
copying /home/serch/puzzlebot_ws/build/control_pkg/build/lib/control_pkg/line_follower_sign.py -> /home/serch/puzzlebot_ws/install/control_pkg/lib/python3.10/site-packages/control_pkg
copying /home/serch/puzzlebot_ws/build/control_pkg/build/lib/control_pkg/odometry_node.py -> /home/serch/puzzlebot_ws/install/control_pkg/lib/python3.10/site-packages/control_pkg
copying /home/serch/puzzlebot_ws/build/control_pkg/build/lib/control_pkg/traffic_line.py -> /home/serch/puzzlebot_ws/install/control_pkg/lib/python3.10/site-packages/control_pkg
copying /home/serch/puzzlebot_ws/build/control_pkg/build/lib/control_pkg/pid_controller_node.py -> /home/serch/puzzlebot_ws/install/control_pkg/lib/python3.10/site-packages/control_pkg
copying /home/serch/puzzlebot_ws/build/control_pkg/build/lib/control_pkg/traffic_light_controller.py -> /home/serch/puzzlebot_ws/install/control_pkg/lib/python3.10/site-packages/control_pkg
copying /home/serch/puzzlebot_ws/build/control_pkg/build/lib/control_pkg/state_machine.py -> /home/serch/puzzlebot_ws/install/control_pkg/lib/python3.10/site-packages/control_pkg
byte-compiling /home/serch/puzzlebot_ws/install/control_pkg/lib/python3.10/site-packages/control_pkg/turn_node.py to turn_node.cpython-310.pyc
byte-compiling /home/serch/puzzlebot_ws/install/control_pkg/lib/python3.10/site-packages/control_pkg/line_follower_intersection.py to line_follower_intersection.cpython-310.pyc
byte-compiling /home/serch/puzzlebot_ws/install/control_pkg/lib/python3.10/site-packages/control_pkg/__init__.py to __init__.cpython-310.pyc
byte-compiling /home/serch/puzzlebot_ws/install/control_pkg/lib/python3.10/site-packages/control_pkg/path_generator_traffic.py to path_generator_traffic.cpython-310.pyc
byte-compiling /home/serch/puzzlebot_ws/install/control_pkg/lib/python3.10/site-packages/control_pkg/path_generator_node.py to path_generator_node.cpython-310.pyc
byte-compiling /home/serch/puzzlebot_ws/install/control_pkg/lib/python3.10/site-packages/control_pkg/line_follower_controller.py to line_follower_controller.cpython-310.pyc
byte-compiling /home/serch/puzzlebot_ws/install/control_pkg/lib/python3.10/site-packages/control_pkg/line_follower_sign.py to line_follower_sign.cpython-310.pyc
byte-compiling /home/serch/puzzlebot_ws/install/control_pkg/lib/python3.10/site-packages/control_pkg/odometry_node.py to odometry_node.cpython-310.pyc
byte-compiling /home/serch/puzzlebot_ws/install/control_pkg/lib/python3.10/site-packages/control_pkg/traffic_line.py to traffic_line.cpython-310.pyc
byte-compiling /home/serch/puzzlebot_ws/install/control_pkg/lib/python3.10/site-packages/control_pkg/pid_controller_node.py to pid_controller_node.cpython-310.pyc
byte-compiling /home/serch/puzzlebot_ws/install/control_pkg/lib/python3.10/site-packages/control_pkg/traffic_light_controller.py to traffic_light_controller.cpython-310.pyc
byte-compiling /home/serch/puzzlebot_ws/install/control_pkg/lib/python3.10/site-packages/control_pkg/state_machine.py to state_machine.cpython-310.pyc
running install_data
creating /home/serch/puzzlebot_ws/install/control_pkg/share/ament_index
creating /home/serch/puzzlebot_ws/install/control_pkg/share/ament_index/resource_index
creating /home/serch/puzzlebot_ws/install/control_pkg/share/ament_index/resource_index/packages
copying resource/control_pkg -> /home/serch/puzzlebot_ws/install/control_pkg/share/ament_index/resource_index/packages
copying package.xml -> /home/serch/puzzlebot_ws/install/control_pkg/share/control_pkg
creating /home/serch/puzzlebot_ws/install/control_pkg/lib/control_pkg
copying scripts/line_follower_controller -> /home/serch/puzzlebot_ws/install/control_pkg/lib/control_pkg
copying scripts/traffic_line -> /home/serch/puzzlebot_ws/install/control_pkg/lib/control_pkg
copying scripts/line_follower_intersection -> /home/serch/puzzlebot_ws/install/control_pkg/lib/control_pkg
creating /home/serch/puzzlebot_ws/install/control_pkg/share/control_pkg/launch
copying launch/puzzlebot.launch.py -> /home/serch/puzzlebot_ws/install/control_pkg/share/control_pkg/launch
running install_egg_info
Copying ../../build/control_pkg/control_pkg.egg-info to /home/serch/puzzlebot_ws/install/control_pkg/lib/python3.10/site-packages/control_pkg-0.1.0-py3.10.egg-info
running install_scripts
Installing line_follower_controller script to /home/serch/puzzlebot_ws/install/control_pkg/lib/control_pkg
Installing line_follower_intersection script to /home/serch/puzzlebot_ws/install/control_pkg/lib/control_pkg
Installing odometry_node script to /home/serch/puzzlebot_ws/install/control_pkg/lib/control_pkg
Installing path_generator_node script to /home/serch/puzzlebot_ws/install/control_pkg/lib/control_pkg
Installing path_generator_traffic script to /home/serch/puzzlebot_ws/install/control_pkg/lib/control_pkg
Installing pid_controller_node script to /home/serch/puzzlebot_ws/install/control_pkg/lib/control_pkg
Installing state_machine script to /home/serch/puzzlebot_ws/install/control_pkg/lib/control_pkg
Installing traffic_light_controller script to /home/serch/puzzlebot_ws/install/control_pkg/lib/control_pkg
Installing traffic_line script to /home/serch/puzzlebot_ws/install/control_pkg/lib/control_pkg
Installing turn_node script to /home/serch/puzzlebot_ws/install/control_pkg/lib/control_pkg
writing list of installed files to '/home/serch/puzzlebot_ws/build/control_pkg/install.log'
