[0.869s] Invoking command in '/home/serch/puzzlebot_ws/src/detector_pkg': PYTHONPATH=/home/serch/puzzlebot_ws/build/detector_pkg/prefix_override:/usr/lib/python3/dist-packages/colcon_core/task/python/colcon_distutils_commands:/home/serch/puzzlebot_ws/install/detector_pkg/lib/python3.10/site-packages:${PYTHONPATH} /usr/bin/python3 -W ignore:setup.py install is deprecated -W ignore:easy_install command is deprecated setup.py egg_info --egg-base ../../build/detector_pkg build --build-base /home/serch/puzzlebot_ws/build/detector_pkg/build install --record /home/serch/puzzlebot_ws/build/detector_pkg/install.log --single-version-externally-managed install_data
[1.045s] running egg_info
[1.045s] writing ../../build/detector_pkg/detector_pkg.egg-info/PKG-INFO
[1.045s] writing dependency_links to ../../build/detector_pkg/detector_pkg.egg-info/dependency_links.txt
[1.045s] writing entry points to ../../build/detector_pkg/detector_pkg.egg-info/entry_points.txt
[1.045s] writing requirements to ../../build/detector_pkg/detector_pkg.egg-info/requires.txt
[1.045s] writing top-level names to ../../build/detector_pkg/detector_pkg.egg-info/top_level.txt
[1.046s] reading manifest file '../../build/detector_pkg/detector_pkg.egg-info/SOURCES.txt'
[1.047s] writing manifest file '../../build/detector_pkg/detector_pkg.egg-info/SOURCES.txt'
[1.047s] running build
[1.047s] running build_py
[1.047s] copying detector_pkg/traffic_detector.py -> /home/serch/puzzlebot_ws/build/detector_pkg/build/lib/detector_pkg
[1.048s] running install
[1.048s] running install_lib
[1.048s] copying /home/serch/puzzlebot_ws/build/detector_pkg/build/lib/detector_pkg/traffic_detector.py -> /home/serch/puzzlebot_ws/install/detector_pkg/lib/python3.10/site-packages/detector_pkg
[1.049s] byte-compiling /home/serch/puzzlebot_ws/install/detector_pkg/lib/python3.10/site-packages/detector_pkg/traffic_detector.py to traffic_detector.cpython-310.pyc
[1.052s] running install_data
[1.052s] running install_egg_info
[1.053s] removing '/home/serch/puzzlebot_ws/install/detector_pkg/lib/python3.10/site-packages/detector_pkg-0.1.0-py3.10.egg-info' (and everything under it)
[1.054s] Copying ../../build/detector_pkg/detector_pkg.egg-info to /home/serch/puzzlebot_ws/install/detector_pkg/lib/python3.10/site-packages/detector_pkg-0.1.0-py3.10.egg-info
[1.054s] running install_scripts
[1.067s] Installing angular_error_node script to /home/serch/puzzlebot_ws/install/detector_pkg/lib/detector_pkg
[1.068s] Installing debug_visualizer script to /home/serch/puzzlebot_ws/install/detector_pkg/lib/detector_pkg
[1.068s] Installing line_detector script to /home/serch/puzzlebot_ws/install/detector_pkg/lib/detector_pkg
[1.068s] Installing sign_detector script to /home/serch/puzzlebot_ws/install/detector_pkg/lib/detector_pkg
[1.069s] Installing traffic_detector script to /home/serch/puzzlebot_ws/install/detector_pkg/lib/detector_pkg
[1.069s] writing list of installed files to '/home/serch/puzzlebot_ws/build/detector_pkg/install.log'
[1.088s] Invoked command in '/home/serch/puzzlebot_ws/src/detector_pkg' returned '0': PYTHONPATH=/home/serch/puzzlebot_ws/build/detector_pkg/prefix_override:/usr/lib/python3/dist-packages/colcon_core/task/python/colcon_distutils_commands:/home/serch/puzzlebot_ws/install/detector_pkg/lib/python3.10/site-packages:${PYTHONPATH} /usr/bin/python3 -W ignore:setup.py install is deprecated -W ignore:easy_install command is deprecated setup.py egg_info --egg-base ../../build/detector_pkg build --build-base /home/serch/puzzlebot_ws/build/detector_pkg/build install --record /home/serch/puzzlebot_ws/build/detector_pkg/install.log --single-version-externally-managed install_data
