[1.094s] Invoking command in '/home/serch/puzzlebot_ws/src/UI': PYTHONPATH=/home/serch/puzzlebot_ws/build/UI/prefix_override:/usr/lib/python3/dist-packages/colcon_core/task/python/colcon_distutils_commands:/home/serch/puzzlebot_ws/install/UI/lib/python3.10/site-packages:${PYTHONPATH} /usr/bin/python3 -W ignore:setup.py install is deprecated -W ignore:easy_install command is deprecated setup.py egg_info --egg-base ../../build/UI build --build-base /home/serch/puzzlebot_ws/build/UI/build install --record /home/serch/puzzlebot_ws/build/UI/install.log --single-version-externally-managed install_data
[1.279s] running egg_info
[1.279s] writing ../../build/UI/UI.egg-info/PKG-INFO
[1.279s] writing dependency_links to ../../build/UI/UI.egg-info/dependency_links.txt
[1.280s] writing entry points to ../../build/UI/UI.egg-info/entry_points.txt
[1.280s] writing requirements to ../../build/UI/UI.egg-info/requires.txt
[1.280s] writing top-level names to ../../build/UI/UI.egg-info/top_level.txt
[1.281s] reading manifest file '../../build/UI/UI.egg-info/SOURCES.txt'
[1.281s] writing manifest file '../../build/UI/UI.egg-info/SOURCES.txt'
[1.281s] running build
[1.281s] running build_py
[1.281s] running install
[1.282s] running install_lib
[1.283s] running install_data
[1.283s] running install_egg_info
[1.284s] removing '/home/serch/puzzlebot_ws/install/UI/lib/python3.10/site-packages/UI-0.0.0-py3.10.egg-info' (and everything under it)
[1.284s] Copying ../../build/UI/UI.egg-info to /home/serch/puzzlebot_ws/install/UI/lib/python3.10/site-packages/UI-0.0.0-py3.10.egg-info
[1.285s] running install_scripts
[1.300s] Installing monitor_UI script to /home/serch/puzzlebot_ws/install/UI/lib/UI
[1.300s] writing list of installed files to '/home/serch/puzzlebot_ws/build/UI/install.log'
[1.332s] Invoked command in '/home/serch/puzzlebot_ws/src/UI' returned '0': PYTHONPATH=/home/serch/puzzlebot_ws/build/UI/prefix_override:/usr/lib/python3/dist-packages/colcon_core/task/python/colcon_distutils_commands:/home/serch/puzzlebot_ws/install/UI/lib/python3.10/site-packages:${PYTHONPATH} /usr/bin/python3 -W ignore:setup.py install is deprecated -W ignore:easy_install command is deprecated setup.py egg_info --egg-base ../../build/UI build --build-base /home/serch/puzzlebot_ws/build/UI/build install --record /home/serch/puzzlebot_ws/build/UI/install.log --single-version-externally-managed install_data
