/home/serch/puzzlebot_ws/install/detector_pkg/lib/python3.10/site-packages/detector_pkg/__init__.py
/home/serch/puzzlebot_ws/install/detector_pkg/lib/python3.10/site-packages/detector_pkg/debug_visualizer.py
/home/serch/puzzlebot_ws/install/detector_pkg/lib/python3.10/site-packages/detector_pkg/pruebamodelo.py
/home/serch/puzzlebot_ws/install/detector_pkg/lib/python3.10/site-packages/detector_pkg/angular_error_node.py
/home/serch/puzzlebot_ws/install/detector_pkg/lib/python3.10/site-packages/detector_pkg/sign_detector.py
/home/serch/puzzlebot_ws/install/detector_pkg/lib/python3.10/site-packages/detector_pkg/traffic_detector.py
/home/serch/puzzlebot_ws/install/detector_pkg/lib/python3.10/site-packages/detector_pkg/__pycache__/__init__.cpython-310.pyc
/home/serch/puzzlebot_ws/install/detector_pkg/lib/python3.10/site-packages/detector_pkg/__pycache__/debug_visualizer.cpython-310.pyc
/home/serch/puzzlebot_ws/install/detector_pkg/lib/python3.10/site-packages/detector_pkg/__pycache__/pruebamodelo.cpython-310.pyc
/home/serch/puzzlebot_ws/install/detector_pkg/lib/python3.10/site-packages/detector_pkg/__pycache__/angular_error_node.cpython-310.pyc
/home/serch/puzzlebot_ws/install/detector_pkg/lib/python3.10/site-packages/detector_pkg/__pycache__/sign_detector.cpython-310.pyc
/home/serch/puzzlebot_ws/install/detector_pkg/lib/python3.10/site-packages/detector_pkg/__pycache__/traffic_detector.cpython-310.pyc
/home/serch/puzzlebot_ws/install/detector_pkg/share/ament_index/resource_index/packages/detector_pkg
/home/serch/puzzlebot_ws/install/detector_pkg/share/detector_pkg/package.xml
/home/serch/puzzlebot_ws/install/detector_pkg/lib/python3.10/site-packages/detector_pkg-0.1.0-py3.10.egg-info/zip-safe
/home/serch/puzzlebot_ws/install/detector_pkg/lib/python3.10/site-packages/detector_pkg-0.1.0-py3.10.egg-info/entry_points.txt
/home/serch/puzzlebot_ws/install/detector_pkg/lib/python3.10/site-packages/detector_pkg-0.1.0-py3.10.egg-info/top_level.txt
/home/serch/puzzlebot_ws/install/detector_pkg/lib/python3.10/site-packages/detector_pkg-0.1.0-py3.10.egg-info/requires.txt
/home/serch/puzzlebot_ws/install/detector_pkg/lib/python3.10/site-packages/detector_pkg-0.1.0-py3.10.egg-info/PKG-INFO
/home/serch/puzzlebot_ws/install/detector_pkg/lib/python3.10/site-packages/detector_pkg-0.1.0-py3.10.egg-info/dependency_links.txt
/home/serch/puzzlebot_ws/install/detector_pkg/lib/python3.10/site-packages/detector_pkg-0.1.0-py3.10.egg-info/SOURCES.txt
/home/serch/puzzlebot_ws/install/detector_pkg/lib/detector_pkg/angular_error_node
/home/serch/puzzlebot_ws/install/detector_pkg/lib/detector_pkg/debug_visualizer
/home/serch/puzzlebot_ws/install/detector_pkg/lib/detector_pkg/line_detector
/home/serch/puzzlebot_ws/install/detector_pkg/lib/detector_pkg/sign_detector
/home/serch/puzzlebot_ws/install/detector_pkg/lib/detector_pkg/traffic_detector
