[1.086s] Invoking command in '/home/serch/puzzlebot_ws/src/UI': PYTHONPATH=/home/serch/puzzlebot_ws/build/UI/prefix_override:/usr/lib/python3/dist-packages/colcon_core/task/python/colcon_distutils_commands:/home/serch/puzzlebot_ws/install/UI/lib/python3.10/site-packages:${PYTHONPATH} /usr/bin/python3 -W ignore:setup.py install is deprecated -W ignore:easy_install command is deprecated setup.py egg_info --egg-base ../../build/UI build --build-base /home/serch/puzzlebot_ws/build/UI/build install --record /home/serch/puzzlebot_ws/build/UI/install.log --single-version-externally-managed install_data
[1.263s] running egg_info
[1.264s] creating ../../build/UI/UI.egg-info
[1.264s] writing ../../build/UI/UI.egg-info/PKG-INFO
[1.265s] writing dependency_links to ../../build/UI/UI.egg-info/dependency_links.txt
[1.265s] writing entry points to ../../build/UI/UI.egg-info/entry_points.txt
[1.265s] writing requirements to ../../build/UI/UI.egg-info/requires.txt
[1.265s] writing top-level names to ../../build/UI/UI.egg-info/top_level.txt
[1.265s] writing manifest file '../../build/UI/UI.egg-info/SOURCES.txt'
[1.265s] reading manifest file '../../build/UI/UI.egg-info/SOURCES.txt'
[1.266s] writing manifest file '../../build/UI/UI.egg-info/SOURCES.txt'
[1.266s] running build
[1.266s] running build_py
[1.266s] creating /home/serch/puzzlebot_ws/build/UI/build
[1.266s] creating /home/serch/puzzlebot_ws/build/UI/build/lib
[1.266s] creating /home/serch/puzzlebot_ws/build/UI/build/lib/UI
[1.266s] copying UI/__init__.py -> /home/serch/puzzlebot_ws/build/UI/build/lib/UI
[1.266s] copying UI/monitor_UI.py -> /home/serch/puzzlebot_ws/build/UI/build/lib/UI
[1.267s] running install
[1.267s] running install_lib
[1.267s] creating /home/serch/puzzlebot_ws/install/UI/lib/python3.10/site-packages/UI
[1.267s] copying /home/serch/puzzlebot_ws/build/UI/build/lib/UI/__init__.py -> /home/serch/puzzlebot_ws/install/UI/lib/python3.10/site-packages/UI
[1.267s] copying /home/serch/puzzlebot_ws/build/UI/build/lib/UI/monitor_UI.py -> /home/serch/puzzlebot_ws/install/UI/lib/python3.10/site-packages/UI
[1.268s] byte-compiling /home/serch/puzzlebot_ws/install/UI/lib/python3.10/site-packages/UI/__init__.py to __init__.cpython-310.pyc
[1.268s] byte-compiling /home/serch/puzzlebot_ws/install/UI/lib/python3.10/site-packages/UI/monitor_UI.py to monitor_UI.cpython-310.pyc
[1.268s] running install_data
[1.269s] creating /home/serch/puzzlebot_ws/install/UI/share/ament_index
[1.269s] creating /home/serch/puzzlebot_ws/install/UI/share/ament_index/resource_index
[1.269s] creating /home/serch/puzzlebot_ws/install/UI/share/ament_index/resource_index/packages
[1.269s] copying resource/UI -> /home/serch/puzzlebot_ws/install/UI/share/ament_index/resource_index/packages
[1.269s] copying package.xml -> /home/serch/puzzlebot_ws/install/UI/share/UI
[1.269s] running install_egg_info
[1.270s] Copying ../../build/UI/UI.egg-info to /home/serch/puzzlebot_ws/install/UI/lib/python3.10/site-packages/UI-0.0.0-py3.10.egg-info
[1.271s] running install_scripts
[1.285s] Installing monitor_UI script to /home/serch/puzzlebot_ws/install/UI/lib/UI
[1.285s] writing list of installed files to '/home/serch/puzzlebot_ws/build/UI/install.log'
[1.308s] Invoked command in '/home/serch/puzzlebot_ws/src/UI' returned '0': PYTHONPATH=/home/serch/puzzlebot_ws/build/UI/prefix_override:/usr/lib/python3/dist-packages/colcon_core/task/python/colcon_distutils_commands:/home/serch/puzzlebot_ws/install/UI/lib/python3.10/site-packages:${PYTHONPATH} /usr/bin/python3 -W ignore:setup.py install is deprecated -W ignore:easy_install command is deprecated setup.py egg_info --egg-base ../../build/UI build --build-base /home/serch/puzzlebot_ws/build/UI/build install --record /home/serch/puzzlebot_ws/build/UI/install.log --single-version-externally-managed install_data
