[0.817s] Invoking command in '/home/serch/puzzlebot_ws/src/control_pkg': PYTHONPATH=/home/serch/puzzlebot_ws/build/control_pkg/prefix_override:/usr/lib/python3/dist-packages/colcon_core/task/python/colcon_distutils_commands:/home/serch/puzzlebot_ws/install/control_pkg/lib/python3.10/site-packages:${PYTHONPATH} /usr/bin/python3 -W ignore:setup.py install is deprecated -W ignore:easy_install command is deprecated setup.py egg_info --egg-base ../../build/control_pkg build --build-base /home/serch/puzzlebot_ws/build/control_pkg/build install --record /home/serch/puzzlebot_ws/build/control_pkg/install.log --single-version-externally-managed install_data
[0.996s] running egg_info
[0.996s] writing ../../build/control_pkg/control_pkg.egg-info/PKG-INFO
[0.996s] writing dependency_links to ../../build/control_pkg/control_pkg.egg-info/dependency_links.txt
[0.996s] writing entry points to ../../build/control_pkg/control_pkg.egg-info/entry_points.txt
[0.996s] writing requirements to ../../build/control_pkg/control_pkg.egg-info/requires.txt
[0.997s] writing top-level names to ../../build/control_pkg/control_pkg.egg-info/top_level.txt
[0.998s] reading manifest file '../../build/control_pkg/control_pkg.egg-info/SOURCES.txt'
[0.998s] writing manifest file '../../build/control_pkg/control_pkg.egg-info/SOURCES.txt'
[0.998s] running build
[0.999s] running build_py
[0.999s] copying control_pkg/state_machine.py -> /home/serch/puzzlebot_ws/build/control_pkg/build/lib/control_pkg
[0.999s] running install
[0.999s] running install_lib
[1.000s] copying /home/serch/puzzlebot_ws/build/control_pkg/build/lib/control_pkg/state_machine.py -> /home/serch/puzzlebot_ws/install/control_pkg/lib/python3.10/site-packages/control_pkg
[1.001s] byte-compiling /home/serch/puzzlebot_ws/install/control_pkg/lib/python3.10/site-packages/control_pkg/state_machine.py to state_machine.cpython-310.pyc
[1.002s] running install_data
[1.002s] running install_egg_info
[1.003s] removing '/home/serch/puzzlebot_ws/install/control_pkg/lib/python3.10/site-packages/control_pkg-0.1.0-py3.10.egg-info' (and everything under it)
[1.003s] Copying ../../build/control_pkg/control_pkg.egg-info to /home/serch/puzzlebot_ws/install/control_pkg/lib/python3.10/site-packages/control_pkg-0.1.0-py3.10.egg-info
[1.004s] running install_scripts
[1.019s] Installing line_follower_controller script to /home/serch/puzzlebot_ws/install/control_pkg/lib/control_pkg
[1.020s] Installing line_follower_intersection script to /home/serch/puzzlebot_ws/install/control_pkg/lib/control_pkg
[1.020s] Installing odometry_node script to /home/serch/puzzlebot_ws/install/control_pkg/lib/control_pkg
[1.020s] Installing path_generator_node script to /home/serch/puzzlebot_ws/install/control_pkg/lib/control_pkg
[1.020s] Installing path_generator_traffic script to /home/serch/puzzlebot_ws/install/control_pkg/lib/control_pkg
[1.020s] Installing pid_controller_node script to /home/serch/puzzlebot_ws/install/control_pkg/lib/control_pkg
[1.020s] Installing state_machine script to /home/serch/puzzlebot_ws/install/control_pkg/lib/control_pkg
[1.020s] Installing traffic_light_controller script to /home/serch/puzzlebot_ws/install/control_pkg/lib/control_pkg
[1.020s] Installing traffic_line script to /home/serch/puzzlebot_ws/install/control_pkg/lib/control_pkg
[1.020s] Installing turn_node script to /home/serch/puzzlebot_ws/install/control_pkg/lib/control_pkg
[1.020s] writing list of installed files to '/home/serch/puzzlebot_ws/build/control_pkg/install.log'
[1.039s] Invoked command in '/home/serch/puzzlebot_ws/src/control_pkg' returned '0': PYTHONPATH=/home/serch/puzzlebot_ws/build/control_pkg/prefix_override:/usr/lib/python3/dist-packages/colcon_core/task/python/colcon_distutils_commands:/home/serch/puzzlebot_ws/install/control_pkg/lib/python3.10/site-packages:${PYTHONPATH} /usr/bin/python3 -W ignore:setup.py install is deprecated -W ignore:easy_install command is deprecated setup.py egg_info --egg-base ../../build/control_pkg build --build-base /home/serch/puzzlebot_ws/build/control_pkg/build install --record /home/serch/puzzlebot_ws/build/control_pkg/install.log --single-version-externally-managed install_data
