running egg_info
writing ../../build/control_pkg/control_pkg.egg-info/PKG-INFO
writing dependency_links to ../../build/control_pkg/control_pkg.egg-info/dependency_links.txt
writing entry points to ../../build/control_pkg/control_pkg.egg-info/entry_points.txt
writing requirements to ../../build/control_pkg/control_pkg.egg-info/requires.txt
writing top-level names to ../../build/control_pkg/control_pkg.egg-info/top_level.txt
reading manifest file '../../build/control_pkg/control_pkg.egg-info/SOURCES.txt'
writing manifest file '../../build/control_pkg/control_pkg.egg-info/SOURCES.txt'
running build
running build_py
running install
running install_lib
running install_data
running install_egg_info
removing '/home/serch/puzzlebot_ws/install/control_pkg/lib/python3.10/site-packages/control_pkg-0.1.0-py3.10.egg-info' (and everything under it)
Copying ../../build/control_pkg/control_pkg.egg-info to /home/serch/puzzlebot_ws/install/control_pkg/lib/python3.10/site-packages/control_pkg-0.1.0-py3.10.egg-info
running install_scripts
Installing line_follower_controller script to /home/serch/puzzlebot_ws/install/control_pkg/lib/control_pkg
Installing line_follower_intersection script to /home/serch/puzzlebot_ws/install/control_pkg/lib/control_pkg
Installing odometry_node script to /home/serch/puzzlebot_ws/install/control_pkg/lib/control_pkg
Installing path_generator_node script to /home/serch/puzzlebot_ws/install/control_pkg/lib/control_pkg
Installing path_generator_traffic script to /home/serch/puzzlebot_ws/install/control_pkg/lib/control_pkg
Installing pid_controller_node script to /home/serch/puzzlebot_ws/install/control_pkg/lib/control_pkg
Installing state_machine script to /home/serch/puzzlebot_ws/install/control_pkg/lib/control_pkg
Installing traffic_light_controller script to /home/serch/puzzlebot_ws/install/control_pkg/lib/control_pkg
Installing traffic_line script to /home/serch/puzzlebot_ws/install/control_pkg/lib/control_pkg
Installing turn_node script to /home/serch/puzzlebot_ws/install/control_pkg/lib/control_pkg
writing list of installed files to '/home/serch/puzzlebot_ws/build/control_pkg/install.log'
