[2.883s] Invoking command in '/home/serch/puzzlebot_ws/src/UI': PYTHONPATH=/home/serch/puzzlebot_ws/build/UI/prefix_override:/usr/lib/python3/dist-packages/colcon_core/task/python/colcon_distutils_commands:/home/serch/puzzlebot_ws/install/UI/lib/python3.10/site-packages:${PYTHONPATH} /usr/bin/python3 -W ignore:setup.py install is deprecated -W ignore:easy_install command is deprecated setup.py egg_info --egg-base ../../build/UI build --build-base /home/serch/puzzlebot_ws/build/UI/build install --record /home/serch/puzzlebot_ws/build/UI/install.log --single-version-externally-managed install_data
[3.463s] running egg_info
[3.464s] writing ../../build/UI/UI.egg-info/PKG-INFO
[3.465s] writing dependency_links to ../../build/UI/UI.egg-info/dependency_links.txt
[3.465s] writing entry points to ../../build/UI/UI.egg-info/entry_points.txt
[3.466s] writing requirements to ../../build/UI/UI.egg-info/requires.txt
[3.466s] writing top-level names to ../../build/UI/UI.egg-info/top_level.txt
[3.470s] reading manifest file '../../build/UI/UI.egg-info/SOURCES.txt'
[3.471s] writing manifest file '../../build/UI/UI.egg-info/SOURCES.txt'
[3.472s] running build
[3.472s] running build_py
[3.472s] running install
[3.473s] running install_lib
[3.476s] running install_data
[3.476s] running install_egg_info
[3.480s] removing '/home/serch/puzzlebot_ws/install/UI/lib/python3.10/site-packages/UI-0.0.0-py3.10.egg-info' (and everything under it)
[3.482s] Copying ../../build/UI/UI.egg-info to /home/serch/puzzlebot_ws/install/UI/lib/python3.10/site-packages/UI-0.0.0-py3.10.egg-info
[3.483s] running install_scripts
[3.528s] Installing monitor_UI script to /home/serch/puzzlebot_ws/install/UI/lib/UI
[3.528s] writing list of installed files to '/home/serch/puzzlebot_ws/build/UI/install.log'
[3.579s] Invoked command in '/home/serch/puzzlebot_ws/src/UI' returned '0': PYTHONPATH=/home/serch/puzzlebot_ws/build/UI/prefix_override:/usr/lib/python3/dist-packages/colcon_core/task/python/colcon_distutils_commands:/home/serch/puzzlebot_ws/install/UI/lib/python3.10/site-packages:${PYTHONPATH} /usr/bin/python3 -W ignore:setup.py install is deprecated -W ignore:easy_install command is deprecated setup.py egg_info --egg-base ../../build/UI build --build-base /home/serch/puzzlebot_ws/build/UI/build install --record /home/serch/puzzlebot_ws/build/UI/install.log --single-version-externally-managed install_data
