[0.115s] DEBUG:colcon:Command line arguments: ['/usr/bin/colcon', 'build']
[0.115s] DEBUG:colcon:Parsed command line arguments: Namespace(log_base=None, log_level=None, verb_name='build', build_base='build', install_base='install', merge_install=False, symlink_install=False, test_result_base=None, continue_on_error=False, executor='parallel', parallel_workers=16, event_handlers=None, ignore_user_meta=False, metas=['./colcon.meta'], base_paths=['.'], packages_ignore=None, packages_ignore_regex=None, paths=None, packages_up_to=None, packages_up_to_regex=None, packages_above=None, packages_above_and_dependencies=None, packages_above_depth=None, packages_select_by_dep=None, packages_skip_by_dep=None, packages_skip_up_to=None, packages_select_build_failed=False, packages_skip_build_finished=False, packages_select_test_failures=False, packages_skip_test_passed=False, packages_select=None, packages_skip=None, packages_select_regex=None, packages_skip_regex=None, packages_start=None, packages_end=None, allow_overriding=[], cmake_args=None, cmake_target=None, cmake_target_skip_unavailable=False, cmake_clean_cache=False, cmake_clean_first=False, cmake_force_configure=False, ament_cmake_args=None, catkin_cmake_args=None, catkin_skip_building_tests=False, mixin_files=None, mixin=None, verb_parser=<colcon_mixin.mixin.mixin_argument.MixinArgumentDecorator object at 0x7c957af334c0>, verb_extension=<colcon_core.verb.build.BuildVerb object at 0x7c957b0b4400>, main=<bound method BuildVerb.main of <colcon_core.verb.build.BuildVerb object at 0x7c957b0b4400>>, mixin_verb=('build',))
[0.308s] Level 1:colcon.colcon_core.package_discovery:discover_packages(colcon_meta) check parameters
[0.309s] Level 1:colcon.colcon_core.package_discovery:discover_packages(recursive) check parameters
[0.309s] Level 1:colcon.colcon_core.package_discovery:discover_packages(ignore) check parameters
[0.309s] Level 1:colcon.colcon_core.package_discovery:discover_packages(path) check parameters
[0.309s] Level 1:colcon.colcon_core.package_discovery:discover_packages(colcon_meta) discover
[0.309s] Level 1:colcon.colcon_core.package_discovery:discover_packages(recursive) discover
[0.309s] INFO:colcon.colcon_core.package_discovery:Crawling recursively for packages in '/home/serch/puzzlebot_ws'
[0.309s] Level 1:colcon.colcon_core.package_identification:_identify(.) by extensions ['ignore', 'ignore_ament_install']
[0.309s] Level 1:colcon.colcon_core.package_identification:_identify(.) by extension 'ignore'
[0.309s] Level 1:colcon.colcon_core.package_identification:_identify(.) by extension 'ignore_ament_install'
[0.309s] Level 1:colcon.colcon_core.package_identification:_identify(.) by extensions ['colcon_pkg']
[0.309s] Level 1:colcon.colcon_core.package_identification:_identify(.) by extension 'colcon_pkg'
[0.309s] Level 1:colcon.colcon_core.package_identification:_identify(.) by extensions ['colcon_meta']
[0.309s] Level 1:colcon.colcon_core.package_identification:_identify(.) by extension 'colcon_meta'
[0.309s] Level 1:colcon.colcon_core.package_identification:_identify(.) by extensions ['ros']
[0.309s] Level 1:colcon.colcon_core.package_identification:_identify(.) by extension 'ros'
[0.320s] Level 1:colcon.colcon_core.package_identification:_identify(.) by extensions ['cmake', 'python']
[0.320s] Level 1:colcon.colcon_core.package_identification:_identify(.) by extension 'cmake'
[0.320s] Level 1:colcon.colcon_core.package_identification:_identify(.) by extension 'python'
[0.320s] Level 1:colcon.colcon_core.package_identification:_identify(.) by extensions ['python_setup_py']
[0.320s] Level 1:colcon.colcon_core.package_identification:_identify(.) by extension 'python_setup_py'
[0.321s] Level 1:colcon.colcon_core.package_identification:_identify(build) by extensions ['ignore', 'ignore_ament_install']
[0.321s] Level 1:colcon.colcon_core.package_identification:_identify(build) by extension 'ignore'
[0.321s] Level 1:colcon.colcon_core.package_identification:_identify(build) ignored
[0.321s] Level 1:colcon.colcon_core.package_identification:_identify(install) by extensions ['ignore', 'ignore_ament_install']
[0.321s] Level 1:colcon.colcon_core.package_identification:_identify(install) by extension 'ignore'
[0.321s] Level 1:colcon.colcon_core.package_identification:_identify(install) ignored
[0.321s] Level 1:colcon.colcon_core.package_identification:_identify(log) by extensions ['ignore', 'ignore_ament_install']
[0.321s] Level 1:colcon.colcon_core.package_identification:_identify(log) by extension 'ignore'
[0.321s] Level 1:colcon.colcon_core.package_identification:_identify(log) ignored
[0.322s] Level 1:colcon.colcon_core.package_identification:_identify(src) by extensions ['ignore', 'ignore_ament_install']
[0.322s] Level 1:colcon.colcon_core.package_identification:_identify(src) by extension 'ignore'
[0.322s] Level 1:colcon.colcon_core.package_identification:_identify(src) by extension 'ignore_ament_install'
[0.322s] Level 1:colcon.colcon_core.package_identification:_identify(src) by extensions ['colcon_pkg']
[0.322s] Level 1:colcon.colcon_core.package_identification:_identify(src) by extension 'colcon_pkg'
[0.322s] Level 1:colcon.colcon_core.package_identification:_identify(src) by extensions ['colcon_meta']
[0.322s] Level 1:colcon.colcon_core.package_identification:_identify(src) by extension 'colcon_meta'
[0.322s] Level 1:colcon.colcon_core.package_identification:_identify(src) by extensions ['ros']
[0.322s] Level 1:colcon.colcon_core.package_identification:_identify(src) by extension 'ros'
[0.322s] Level 1:colcon.colcon_core.package_identification:_identify(src) by extensions ['cmake', 'python']
[0.322s] Level 1:colcon.colcon_core.package_identification:_identify(src) by extension 'cmake'
[0.322s] Level 1:colcon.colcon_core.package_identification:_identify(src) by extension 'python'
[0.322s] Level 1:colcon.colcon_core.package_identification:_identify(src) by extensions ['python_setup_py']
[0.322s] Level 1:colcon.colcon_core.package_identification:_identify(src) by extension 'python_setup_py'
[0.322s] Level 1:colcon.colcon_core.package_identification:_identify(src/UI) by extensions ['ignore', 'ignore_ament_install']
[0.322s] Level 1:colcon.colcon_core.package_identification:_identify(src/UI) by extension 'ignore'
[0.322s] Level 1:colcon.colcon_core.package_identification:_identify(src/UI) by extension 'ignore_ament_install'
[0.322s] Level 1:colcon.colcon_core.package_identification:_identify(src/UI) by extensions ['colcon_pkg']
[0.322s] Level 1:colcon.colcon_core.package_identification:_identify(src/UI) by extension 'colcon_pkg'
[0.323s] Level 1:colcon.colcon_core.package_identification:_identify(src/UI) by extensions ['colcon_meta']
[0.323s] Level 1:colcon.colcon_core.package_identification:_identify(src/UI) by extension 'colcon_meta'
[0.323s] Level 1:colcon.colcon_core.package_identification:_identify(src/UI) by extensions ['ros']
[0.323s] Level 1:colcon.colcon_core.package_identification:_identify(src/UI) by extension 'ros'
[0.326s] DEBUG:colcon.colcon_core.package_identification:Package 'src/UI' with type 'ros.ament_python' and name 'UI'
[0.326s] Level 1:colcon.colcon_core.package_identification:_identify(src/assets) by extensions ['ignore', 'ignore_ament_install']
[0.326s] Level 1:colcon.colcon_core.package_identification:_identify(src/assets) by extension 'ignore'
[0.326s] Level 1:colcon.colcon_core.package_identification:_identify(src/assets) by extension 'ignore_ament_install'
[0.326s] Level 1:colcon.colcon_core.package_identification:_identify(src/assets) by extensions ['colcon_pkg']
[0.326s] Level 1:colcon.colcon_core.package_identification:_identify(src/assets) by extension 'colcon_pkg'
[0.326s] Level 1:colcon.colcon_core.package_identification:_identify(src/assets) by extensions ['colcon_meta']
[0.326s] Level 1:colcon.colcon_core.package_identification:_identify(src/assets) by extension 'colcon_meta'
[0.326s] Level 1:colcon.colcon_core.package_identification:_identify(src/assets) by extensions ['ros']
[0.326s] Level 1:colcon.colcon_core.package_identification:_identify(src/assets) by extension 'ros'
[0.326s] Level 1:colcon.colcon_core.package_identification:_identify(src/assets) by extensions ['cmake', 'python']
[0.326s] Level 1:colcon.colcon_core.package_identification:_identify(src/assets) by extension 'cmake'
[0.326s] Level 1:colcon.colcon_core.package_identification:_identify(src/assets) by extension 'python'
[0.327s] Level 1:colcon.colcon_core.package_identification:_identify(src/assets) by extensions ['python_setup_py']
[0.327s] Level 1:colcon.colcon_core.package_identification:_identify(src/assets) by extension 'python_setup_py'
[0.327s] Level 1:colcon.colcon_core.package_identification:_identify(src/control_pkg) by extensions ['ignore', 'ignore_ament_install']
[0.327s] Level 1:colcon.colcon_core.package_identification:_identify(src/control_pkg) by extension 'ignore'
[0.327s] Level 1:colcon.colcon_core.package_identification:_identify(src/control_pkg) by extension 'ignore_ament_install'
[0.327s] Level 1:colcon.colcon_core.package_identification:_identify(src/control_pkg) by extensions ['colcon_pkg']
[0.327s] Level 1:colcon.colcon_core.package_identification:_identify(src/control_pkg) by extension 'colcon_pkg'
[0.327s] Level 1:colcon.colcon_core.package_identification:_identify(src/control_pkg) by extensions ['colcon_meta']
[0.327s] Level 1:colcon.colcon_core.package_identification:_identify(src/control_pkg) by extension 'colcon_meta'
[0.327s] Level 1:colcon.colcon_core.package_identification:_identify(src/control_pkg) by extensions ['ros']
[0.327s] Level 1:colcon.colcon_core.package_identification:_identify(src/control_pkg) by extension 'ros'
[0.328s] DEBUG:colcon.colcon_core.package_identification:Package 'src/control_pkg' with type 'ros.ament_python' and name 'control_pkg'
[0.328s] Level 1:colcon.colcon_core.package_identification:_identify(src/detector_pkg) by extensions ['ignore', 'ignore_ament_install']
[0.328s] Level 1:colcon.colcon_core.package_identification:_identify(src/detector_pkg) by extension 'ignore'
[0.328s] Level 1:colcon.colcon_core.package_identification:_identify(src/detector_pkg) by extension 'ignore_ament_install'
[0.328s] Level 1:colcon.colcon_core.package_identification:_identify(src/detector_pkg) by extensions ['colcon_pkg']
[0.328s] Level 1:colcon.colcon_core.package_identification:_identify(src/detector_pkg) by extension 'colcon_pkg'
[0.328s] Level 1:colcon.colcon_core.package_identification:_identify(src/detector_pkg) by extensions ['colcon_meta']
[0.328s] Level 1:colcon.colcon_core.package_identification:_identify(src/detector_pkg) by extension 'colcon_meta'
[0.328s] Level 1:colcon.colcon_core.package_identification:_identify(src/detector_pkg) by extensions ['ros']
[0.328s] Level 1:colcon.colcon_core.package_identification:_identify(src/detector_pkg) by extension 'ros'
[0.329s] DEBUG:colcon.colcon_core.package_identification:Package 'src/detector_pkg' with type 'ros.ament_python' and name 'detector_pkg'
[0.329s] Level 1:colcon.colcon_core.package_identification:_identify(src/scripts) by extensions ['ignore', 'ignore_ament_install']
[0.329s] Level 1:colcon.colcon_core.package_identification:_identify(src/scripts) by extension 'ignore'
[0.329s] Level 1:colcon.colcon_core.package_identification:_identify(src/scripts) by extension 'ignore_ament_install'
[0.329s] Level 1:colcon.colcon_core.package_identification:_identify(src/scripts) by extensions ['colcon_pkg']
[0.329s] Level 1:colcon.colcon_core.package_identification:_identify(src/scripts) by extension 'colcon_pkg'
[0.329s] Level 1:colcon.colcon_core.package_identification:_identify(src/scripts) by extensions ['colcon_meta']
[0.329s] Level 1:colcon.colcon_core.package_identification:_identify(src/scripts) by extension 'colcon_meta'
[0.329s] Level 1:colcon.colcon_core.package_identification:_identify(src/scripts) by extensions ['ros']
[0.329s] Level 1:colcon.colcon_core.package_identification:_identify(src/scripts) by extension 'ros'
[0.329s] Level 1:colcon.colcon_core.package_identification:_identify(src/scripts) by extensions ['cmake', 'python']
[0.330s] Level 1:colcon.colcon_core.package_identification:_identify(src/scripts) by extension 'cmake'
[0.330s] Level 1:colcon.colcon_core.package_identification:_identify(src/scripts) by extension 'python'
[0.330s] Level 1:colcon.colcon_core.package_identification:_identify(src/scripts) by extensions ['python_setup_py']
[0.330s] Level 1:colcon.colcon_core.package_identification:_identify(src/scripts) by extension 'python_setup_py'
[0.330s] Level 1:colcon.colcon_core.package_discovery:discover_packages(recursive) using defaults
[0.330s] Level 1:colcon.colcon_core.package_discovery:discover_packages(ignore) discover
[0.330s] Level 1:colcon.colcon_core.package_discovery:discover_packages(ignore) using defaults
[0.330s] Level 1:colcon.colcon_core.package_discovery:discover_packages(path) discover
[0.330s] Level 1:colcon.colcon_core.package_discovery:discover_packages(path) using defaults
[0.366s] Level 1:colcon.colcon_core.package_discovery:discover_packages(prefix_path) check parameters
[0.366s] Level 1:colcon.colcon_core.package_discovery:discover_packages(prefix_path) discover
[0.368s] WARNING:colcon.colcon_ros.prefix_path.catkin:The path '/home/serch/VREP' in the environment variable CMAKE_PREFIX_PATH doesn't exist
[0.368s] DEBUG:colcon.colcon_installed_package_information.package_discovery:Found 2 installed packages in /home/serch/ros2_ws/install
[0.370s] DEBUG:colcon.colcon_installed_package_information.package_discovery:Found 340 installed packages in /opt/ros/humble
[0.372s] Level 1:colcon.colcon_core.package_discovery:discover_packages(prefix_path) using defaults
[0.418s] Level 5:colcon.colcon_core.verb:set package 'UI' build argument 'cmake_args' from command line to 'None'
[0.418s] Level 5:colcon.colcon_core.verb:set package 'UI' build argument 'cmake_target' from command line to 'None'
[0.418s] Level 5:colcon.colcon_core.verb:set package 'UI' build argument 'cmake_target_skip_unavailable' from command line to 'False'
[0.418s] Level 5:colcon.colcon_core.verb:set package 'UI' build argument 'cmake_clean_cache' from command line to 'False'
[0.418s] Level 5:colcon.colcon_core.verb:set package 'UI' build argument 'cmake_clean_first' from command line to 'False'
[0.418s] Level 5:colcon.colcon_core.verb:set package 'UI' build argument 'cmake_force_configure' from command line to 'False'
[0.418s] Level 5:colcon.colcon_core.verb:set package 'UI' build argument 'ament_cmake_args' from command line to 'None'
[0.418s] Level 5:colcon.colcon_core.verb:set package 'UI' build argument 'catkin_cmake_args' from command line to 'None'
[0.418s] Level 5:colcon.colcon_core.verb:set package 'UI' build argument 'catkin_skip_building_tests' from command line to 'False'
[0.418s] DEBUG:colcon.colcon_core.verb:Building package 'UI' with the following arguments: {'ament_cmake_args': None, 'build_base': '/home/serch/puzzlebot_ws/build/UI', 'catkin_cmake_args': None, 'catkin_skip_building_tests': False, 'cmake_args': None, 'cmake_clean_cache': False, 'cmake_clean_first': False, 'cmake_force_configure': False, 'cmake_target': None, 'cmake_target_skip_unavailable': False, 'install_base': '/home/serch/puzzlebot_ws/install/UI', 'merge_install': False, 'path': '/home/serch/puzzlebot_ws/src/UI', 'symlink_install': False, 'test_result_base': None}
[0.419s] Level 5:colcon.colcon_core.verb:set package 'control_pkg' build argument 'cmake_args' from command line to 'None'
[0.419s] Level 5:colcon.colcon_core.verb:set package 'control_pkg' build argument 'cmake_target' from command line to 'None'
[0.419s] Level 5:colcon.colcon_core.verb:set package 'control_pkg' build argument 'cmake_target_skip_unavailable' from command line to 'False'
[0.419s] Level 5:colcon.colcon_core.verb:set package 'control_pkg' build argument 'cmake_clean_cache' from command line to 'False'
[0.419s] Level 5:colcon.colcon_core.verb:set package 'control_pkg' build argument 'cmake_clean_first' from command line to 'False'
[0.419s] Level 5:colcon.colcon_core.verb:set package 'control_pkg' build argument 'cmake_force_configure' from command line to 'False'
[0.419s] Level 5:colcon.colcon_core.verb:set package 'control_pkg' build argument 'ament_cmake_args' from command line to 'None'
[0.419s] Level 5:colcon.colcon_core.verb:set package 'control_pkg' build argument 'catkin_cmake_args' from command line to 'None'
[0.419s] Level 5:colcon.colcon_core.verb:set package 'control_pkg' build argument 'catkin_skip_building_tests' from command line to 'False'
[0.419s] DEBUG:colcon.colcon_core.verb:Building package 'control_pkg' with the following arguments: {'ament_cmake_args': None, 'build_base': '/home/serch/puzzlebot_ws/build/control_pkg', 'catkin_cmake_args': None, 'catkin_skip_building_tests': False, 'cmake_args': None, 'cmake_clean_cache': False, 'cmake_clean_first': False, 'cmake_force_configure': False, 'cmake_target': None, 'cmake_target_skip_unavailable': False, 'install_base': '/home/serch/puzzlebot_ws/install/control_pkg', 'merge_install': False, 'path': '/home/serch/puzzlebot_ws/src/control_pkg', 'symlink_install': False, 'test_result_base': None}
[0.419s] Level 5:colcon.colcon_core.verb:set package 'detector_pkg' build argument 'cmake_args' from command line to 'None'
[0.419s] Level 5:colcon.colcon_core.verb:set package 'detector_pkg' build argument 'cmake_target' from command line to 'None'
[0.419s] Level 5:colcon.colcon_core.verb:set package 'detector_pkg' build argument 'cmake_target_skip_unavailable' from command line to 'False'
[0.419s] Level 5:colcon.colcon_core.verb:set package 'detector_pkg' build argument 'cmake_clean_cache' from command line to 'False'
[0.419s] Level 5:colcon.colcon_core.verb:set package 'detector_pkg' build argument 'cmake_clean_first' from command line to 'False'
[0.419s] Level 5:colcon.colcon_core.verb:set package 'detector_pkg' build argument 'cmake_force_configure' from command line to 'False'
[0.419s] Level 5:colcon.colcon_core.verb:set package 'detector_pkg' build argument 'ament_cmake_args' from command line to 'None'
[0.419s] Level 5:colcon.colcon_core.verb:set package 'detector_pkg' build argument 'catkin_cmake_args' from command line to 'None'
[0.419s] Level 5:colcon.colcon_core.verb:set package 'detector_pkg' build argument 'catkin_skip_building_tests' from command line to 'False'
[0.419s] DEBUG:colcon.colcon_core.verb:Building package 'detector_pkg' with the following arguments: {'ament_cmake_args': None, 'build_base': '/home/serch/puzzlebot_ws/build/detector_pkg', 'catkin_cmake_args': None, 'catkin_skip_building_tests': False, 'cmake_args': None, 'cmake_clean_cache': False, 'cmake_clean_first': False, 'cmake_force_configure': False, 'cmake_target': None, 'cmake_target_skip_unavailable': False, 'install_base': '/home/serch/puzzlebot_ws/install/detector_pkg', 'merge_install': False, 'path': '/home/serch/puzzlebot_ws/src/detector_pkg', 'symlink_install': False, 'test_result_base': None}
[0.420s] INFO:colcon.colcon_core.executor:Executing jobs using 'parallel' executor
[0.421s] DEBUG:colcon.colcon_parallel_executor.executor.parallel:run_until_complete
[0.421s] INFO:colcon.colcon_ros.task.ament_python.build:Building ROS package in '/home/serch/puzzlebot_ws/src/UI' with build type 'ament_python'
[0.421s] Level 1:colcon.colcon_core.shell:create_environment_hook('UI', 'ament_prefix_path')
[0.424s] INFO:colcon.colcon_core.plugin_system:Skipping extension 'colcon_core.shell.bat': Not used on non-Windows systems
[0.424s] INFO:colcon.colcon_core.shell:Creating environment hook '/home/serch/puzzlebot_ws/install/UI/share/UI/hook/ament_prefix_path.ps1'
[0.425s] INFO:colcon.colcon_core.shell:Creating environment descriptor '/home/serch/puzzlebot_ws/install/UI/share/UI/hook/ament_prefix_path.dsv'
[0.425s] INFO:colcon.colcon_core.shell:Creating environment hook '/home/serch/puzzlebot_ws/install/UI/share/UI/hook/ament_prefix_path.sh'
[0.426s] INFO:colcon.colcon_core.shell:Skip shell extension 'powershell' for command environment: Not usable outside of PowerShell
[0.426s] DEBUG:colcon.colcon_core.shell:Skip shell extension 'dsv' for command environment
[0.430s] INFO:colcon.colcon_ros.task.ament_python.build:Building ROS package in '/home/serch/puzzlebot_ws/src/control_pkg' with build type 'ament_python'
[0.430s] Level 1:colcon.colcon_core.shell:create_environment_hook('control_pkg', 'ament_prefix_path')
[0.430s] INFO:colcon.colcon_core.shell:Creating environment hook '/home/serch/puzzlebot_ws/install/control_pkg/share/control_pkg/hook/ament_prefix_path.ps1'
[0.431s] INFO:colcon.colcon_core.shell:Creating environment descriptor '/home/serch/puzzlebot_ws/install/control_pkg/share/control_pkg/hook/ament_prefix_path.dsv'
[0.431s] INFO:colcon.colcon_core.shell:Creating environment hook '/home/serch/puzzlebot_ws/install/control_pkg/share/control_pkg/hook/ament_prefix_path.sh'
[0.432s] INFO:colcon.colcon_core.shell:Skip shell extension 'powershell' for command environment: Not usable outside of PowerShell
[0.432s] DEBUG:colcon.colcon_core.shell:Skip shell extension 'dsv' for command environment
[0.435s] INFO:colcon.colcon_ros.task.ament_python.build:Building ROS package in '/home/serch/puzzlebot_ws/src/detector_pkg' with build type 'ament_python'
[0.435s] Level 1:colcon.colcon_core.shell:create_environment_hook('detector_pkg', 'ament_prefix_path')
[0.436s] INFO:colcon.colcon_core.shell:Creating environment hook '/home/serch/puzzlebot_ws/install/detector_pkg/share/detector_pkg/hook/ament_prefix_path.ps1'
[0.436s] INFO:colcon.colcon_core.shell:Creating environment descriptor '/home/serch/puzzlebot_ws/install/detector_pkg/share/detector_pkg/hook/ament_prefix_path.dsv'
[0.437s] INFO:colcon.colcon_core.shell:Creating environment hook '/home/serch/puzzlebot_ws/install/detector_pkg/share/detector_pkg/hook/ament_prefix_path.sh'
[0.437s] INFO:colcon.colcon_core.shell:Skip shell extension 'powershell' for command environment: Not usable outside of PowerShell
[0.437s] DEBUG:colcon.colcon_core.shell:Skip shell extension 'dsv' for command environment
[0.739s] INFO:colcon.colcon_core.task.python.build:Building Python package in '/home/serch/puzzlebot_ws/src/UI'
[0.739s] INFO:colcon.colcon_core.shell:Skip shell extension 'powershell' for command environment: Not usable outside of PowerShell
[0.739s] DEBUG:colcon.colcon_core.shell:Skip shell extension 'dsv' for command environment
[0.967s] INFO:colcon.colcon_core.task.python.build:Building Python package in '/home/serch/puzzlebot_ws/src/control_pkg'
[0.968s] INFO:colcon.colcon_core.shell:Skip shell extension 'powershell' for command environment: Not usable outside of PowerShell
[0.968s] DEBUG:colcon.colcon_core.shell:Skip shell extension 'dsv' for command environment
[1.166s] INFO:colcon.colcon_core.task.python.build:Building Python package in '/home/serch/puzzlebot_ws/src/detector_pkg'
[1.167s] INFO:colcon.colcon_core.shell:Skip shell extension 'powershell' for command environment: Not usable outside of PowerShell
[1.167s] DEBUG:colcon.colcon_core.shell:Skip shell extension 'dsv' for command environment
[1.554s] DEBUG:colcon.colcon_core.event_handler.log_command:Invoking command in '/home/serch/puzzlebot_ws/src/UI': PYTHONPATH=/home/serch/puzzlebot_ws/build/UI/prefix_override:/usr/lib/python3/dist-packages/colcon_core/task/python/colcon_distutils_commands:/home/serch/puzzlebot_ws/install/UI/lib/python3.10/site-packages:${PYTHONPATH} /usr/bin/python3 -W ignore:setup.py install is deprecated -W ignore:easy_install command is deprecated setup.py egg_info --egg-base ../../build/UI build --build-base /home/serch/puzzlebot_ws/build/UI/build install --record /home/serch/puzzlebot_ws/build/UI/install.log --single-version-externally-managed install_data
[1.565s] DEBUG:colcon.colcon_core.event_handler.log_command:Invoking command in '/home/serch/puzzlebot_ws/src/control_pkg': PYTHONPATH=/home/serch/puzzlebot_ws/build/control_pkg/prefix_override:/usr/lib/python3/dist-packages/colcon_core/task/python/colcon_distutils_commands:/home/serch/puzzlebot_ws/install/control_pkg/lib/python3.10/site-packages:${PYTHONPATH} /usr/bin/python3 -W ignore:setup.py install is deprecated -W ignore:easy_install command is deprecated setup.py egg_info --egg-base ../../build/control_pkg build --build-base /home/serch/puzzlebot_ws/build/control_pkg/build install --record /home/serch/puzzlebot_ws/build/control_pkg/install.log --single-version-externally-managed install_data
[1.591s] DEBUG:colcon.colcon_core.event_handler.log_command:Invoking command in '/home/serch/puzzlebot_ws/src/detector_pkg': PYTHONPATH=/home/serch/puzzlebot_ws/build/detector_pkg/prefix_override:/usr/lib/python3/dist-packages/colcon_core/task/python/colcon_distutils_commands:/home/serch/puzzlebot_ws/install/detector_pkg/lib/python3.10/site-packages:${PYTHONPATH} /usr/bin/python3 -W ignore:setup.py install is deprecated -W ignore:easy_install command is deprecated setup.py egg_info --egg-base ../../build/detector_pkg build --build-base /home/serch/puzzlebot_ws/build/detector_pkg/build install --record /home/serch/puzzlebot_ws/build/detector_pkg/install.log --single-version-externally-managed install_data
[1.806s] DEBUG:colcon.colcon_core.event_handler.log_command:Invoked command in '/home/serch/puzzlebot_ws/src/UI' returned '0': PYTHONPATH=/home/serch/puzzlebot_ws/build/UI/prefix_override:/usr/lib/python3/dist-packages/colcon_core/task/python/colcon_distutils_commands:/home/serch/puzzlebot_ws/install/UI/lib/python3.10/site-packages:${PYTHONPATH} /usr/bin/python3 -W ignore:setup.py install is deprecated -W ignore:easy_install command is deprecated setup.py egg_info --egg-base ../../build/UI build --build-base /home/serch/puzzlebot_ws/build/UI/build install --record /home/serch/puzzlebot_ws/build/UI/install.log --single-version-externally-managed install_data
[1.808s] Level 1:colcon.colcon_core.environment:checking '/home/serch/puzzlebot_ws/install/UI' for CMake module files
[1.808s] Level 1:colcon.colcon_core.environment:checking '/home/serch/puzzlebot_ws/install/UI' for CMake config files
[1.808s] Level 1:colcon.colcon_core.environment:checking '/home/serch/puzzlebot_ws/install/UI/lib'
[1.809s] Level 1:colcon.colcon_core.environment:checking '/home/serch/puzzlebot_ws/install/UI/bin'
[1.809s] Level 1:colcon.colcon_core.environment:checking '/home/serch/puzzlebot_ws/install/UI/lib/pkgconfig/UI.pc'
[1.809s] Level 1:colcon.colcon_core.environment:checking '/home/serch/puzzlebot_ws/install/UI/lib/python3.10/site-packages'
[1.809s] Level 1:colcon.colcon_core.shell:create_environment_hook('UI', 'pythonpath')
[1.809s] INFO:colcon.colcon_core.shell:Creating environment hook '/home/serch/puzzlebot_ws/install/UI/share/UI/hook/pythonpath.ps1'
[1.810s] INFO:colcon.colcon_core.shell:Creating environment descriptor '/home/serch/puzzlebot_ws/install/UI/share/UI/hook/pythonpath.dsv'
[1.810s] INFO:colcon.colcon_core.shell:Creating environment hook '/home/serch/puzzlebot_ws/install/UI/share/UI/hook/pythonpath.sh'
[1.810s] Level 1:colcon.colcon_core.environment:checking '/home/serch/puzzlebot_ws/install/UI/bin'
[1.810s] Level 1:colcon.colcon_core.environment:create_environment_scripts_only(UI)
[1.811s] INFO:colcon.colcon_core.shell:Creating package script '/home/serch/puzzlebot_ws/install/UI/share/UI/package.ps1'
[1.811s] INFO:colcon.colcon_core.shell:Creating package descriptor '/home/serch/puzzlebot_ws/install/UI/share/UI/package.dsv'
[1.812s] INFO:colcon.colcon_core.shell:Creating package script '/home/serch/puzzlebot_ws/install/UI/share/UI/package.sh'
[1.812s] INFO:colcon.colcon_core.shell:Creating package script '/home/serch/puzzlebot_ws/install/UI/share/UI/package.bash'
[1.813s] INFO:colcon.colcon_core.shell:Creating package script '/home/serch/puzzlebot_ws/install/UI/share/UI/package.zsh'
[1.813s] Level 1:colcon.colcon_core.environment:create_file_with_runtime_dependencies(/home/serch/puzzlebot_ws/install/UI/share/colcon-core/packages/UI)
[1.822s] Level 1:colcon.colcon_core.environment:checking '/home/serch/puzzlebot_ws/install/control_pkg' for CMake module files
[1.822s] DEBUG:colcon.colcon_core.event_handler.log_command:Invoked command in '/home/serch/puzzlebot_ws/src/control_pkg' returned '0': PYTHONPATH=/home/serch/puzzlebot_ws/build/control_pkg/prefix_override:/usr/lib/python3/dist-packages/colcon_core/task/python/colcon_distutils_commands:/home/serch/puzzlebot_ws/install/control_pkg/lib/python3.10/site-packages:${PYTHONPATH} /usr/bin/python3 -W ignore:setup.py install is deprecated -W ignore:easy_install command is deprecated setup.py egg_info --egg-base ../../build/control_pkg build --build-base /home/serch/puzzlebot_ws/build/control_pkg/build install --record /home/serch/puzzlebot_ws/build/control_pkg/install.log --single-version-externally-managed install_data
[1.823s] Level 1:colcon.colcon_core.environment:checking '/home/serch/puzzlebot_ws/install/control_pkg' for CMake config files
[1.823s] Level 1:colcon.colcon_core.environment:checking '/home/serch/puzzlebot_ws/install/control_pkg/lib'
[1.823s] Level 1:colcon.colcon_core.environment:checking '/home/serch/puzzlebot_ws/install/control_pkg/bin'
[1.823s] Level 1:colcon.colcon_core.environment:checking '/home/serch/puzzlebot_ws/install/control_pkg/lib/pkgconfig/control_pkg.pc'
[1.823s] Level 1:colcon.colcon_core.environment:checking '/home/serch/puzzlebot_ws/install/control_pkg/lib/python3.10/site-packages'
[1.823s] Level 1:colcon.colcon_core.shell:create_environment_hook('control_pkg', 'pythonpath')
[1.823s] INFO:colcon.colcon_core.shell:Creating environment hook '/home/serch/puzzlebot_ws/install/control_pkg/share/control_pkg/hook/pythonpath.ps1'
[1.824s] INFO:colcon.colcon_core.shell:Creating environment descriptor '/home/serch/puzzlebot_ws/install/control_pkg/share/control_pkg/hook/pythonpath.dsv'
[1.824s] INFO:colcon.colcon_core.shell:Creating environment hook '/home/serch/puzzlebot_ws/install/control_pkg/share/control_pkg/hook/pythonpath.sh'
[1.825s] Level 1:colcon.colcon_core.environment:checking '/home/serch/puzzlebot_ws/install/control_pkg/bin'
[1.825s] Level 1:colcon.colcon_core.environment:create_environment_scripts_only(control_pkg)
[1.825s] INFO:colcon.colcon_core.shell:Creating package script '/home/serch/puzzlebot_ws/install/control_pkg/share/control_pkg/package.ps1'
[1.825s] INFO:colcon.colcon_core.shell:Creating package descriptor '/home/serch/puzzlebot_ws/install/control_pkg/share/control_pkg/package.dsv'
[1.826s] INFO:colcon.colcon_core.shell:Creating package script '/home/serch/puzzlebot_ws/install/control_pkg/share/control_pkg/package.sh'
[1.826s] INFO:colcon.colcon_core.shell:Creating package script '/home/serch/puzzlebot_ws/install/control_pkg/share/control_pkg/package.bash'
[1.826s] INFO:colcon.colcon_core.shell:Creating package script '/home/serch/puzzlebot_ws/install/control_pkg/share/control_pkg/package.zsh'
[1.827s] Level 1:colcon.colcon_core.environment:create_file_with_runtime_dependencies(/home/serch/puzzlebot_ws/install/control_pkg/share/colcon-core/packages/control_pkg)
[1.841s] Level 1:colcon.colcon_core.environment:checking '/home/serch/puzzlebot_ws/install/detector_pkg' for CMake module files
[1.842s] DEBUG:colcon.colcon_core.event_handler.log_command:Invoked command in '/home/serch/puzzlebot_ws/src/detector_pkg' returned '0': PYTHONPATH=/home/serch/puzzlebot_ws/build/detector_pkg/prefix_override:/usr/lib/python3/dist-packages/colcon_core/task/python/colcon_distutils_commands:/home/serch/puzzlebot_ws/install/detector_pkg/lib/python3.10/site-packages:${PYTHONPATH} /usr/bin/python3 -W ignore:setup.py install is deprecated -W ignore:easy_install command is deprecated setup.py egg_info --egg-base ../../build/detector_pkg build --build-base /home/serch/puzzlebot_ws/build/detector_pkg/build install --record /home/serch/puzzlebot_ws/build/detector_pkg/install.log --single-version-externally-managed install_data
[1.842s] Level 1:colcon.colcon_core.environment:checking '/home/serch/puzzlebot_ws/install/detector_pkg' for CMake config files
[1.842s] Level 1:colcon.colcon_core.environment:checking '/home/serch/puzzlebot_ws/install/detector_pkg/lib'
[1.842s] Level 1:colcon.colcon_core.environment:checking '/home/serch/puzzlebot_ws/install/detector_pkg/bin'
[1.842s] Level 1:colcon.colcon_core.environment:checking '/home/serch/puzzlebot_ws/install/detector_pkg/lib/pkgconfig/detector_pkg.pc'
[1.843s] Level 1:colcon.colcon_core.environment:checking '/home/serch/puzzlebot_ws/install/detector_pkg/lib/python3.10/site-packages'
[1.843s] Level 1:colcon.colcon_core.shell:create_environment_hook('detector_pkg', 'pythonpath')
[1.843s] INFO:colcon.colcon_core.shell:Creating environment hook '/home/serch/puzzlebot_ws/install/detector_pkg/share/detector_pkg/hook/pythonpath.ps1'
[1.843s] INFO:colcon.colcon_core.shell:Creating environment descriptor '/home/serch/puzzlebot_ws/install/detector_pkg/share/detector_pkg/hook/pythonpath.dsv'
[1.844s] INFO:colcon.colcon_core.shell:Creating environment hook '/home/serch/puzzlebot_ws/install/detector_pkg/share/detector_pkg/hook/pythonpath.sh'
[1.844s] Level 1:colcon.colcon_core.environment:checking '/home/serch/puzzlebot_ws/install/detector_pkg/bin'
[1.844s] Level 1:colcon.colcon_core.environment:create_environment_scripts_only(detector_pkg)
[1.844s] INFO:colcon.colcon_core.shell:Creating package script '/home/serch/puzzlebot_ws/install/detector_pkg/share/detector_pkg/package.ps1'
[1.845s] INFO:colcon.colcon_core.shell:Creating package descriptor '/home/serch/puzzlebot_ws/install/detector_pkg/share/detector_pkg/package.dsv'
[1.845s] INFO:colcon.colcon_core.shell:Creating package script '/home/serch/puzzlebot_ws/install/detector_pkg/share/detector_pkg/package.sh'
[1.845s] INFO:colcon.colcon_core.shell:Creating package script '/home/serch/puzzlebot_ws/install/detector_pkg/share/detector_pkg/package.bash'
[1.846s] INFO:colcon.colcon_core.shell:Creating package script '/home/serch/puzzlebot_ws/install/detector_pkg/share/detector_pkg/package.zsh'
[1.846s] Level 1:colcon.colcon_core.environment:create_file_with_runtime_dependencies(/home/serch/puzzlebot_ws/install/detector_pkg/share/colcon-core/packages/detector_pkg)
[1.846s] DEBUG:colcon.colcon_parallel_executor.executor.parallel:closing loop
[1.846s] DEBUG:colcon.colcon_parallel_executor.executor.parallel:loop closed
[1.846s] DEBUG:colcon.colcon_parallel_executor.executor.parallel:run_until_complete finished with '0'
[1.847s] DEBUG:colcon.colcon_core.event_reactor:joining thread
[1.851s] INFO:colcon.colcon_core.plugin_system:Skipping extension 'colcon_notification.desktop_notification.terminal_notifier': Not used on non-Darwin systems
[1.851s] INFO:colcon.colcon_core.plugin_system:Skipping extension 'colcon_notification.desktop_notification.win32': Not used on non-Windows systems
[1.851s] INFO:colcon.colcon_notification.desktop_notification:Sending desktop notification using 'notify2'
[1.861s] DEBUG:colcon.colcon_core.event_reactor:joined thread
[1.862s] INFO:colcon.colcon_core.shell:Creating prefix script '/home/serch/puzzlebot_ws/install/local_setup.ps1'
[1.863s] INFO:colcon.colcon_core.shell:Creating prefix util module '/home/serch/puzzlebot_ws/install/_local_setup_util_ps1.py'
[1.864s] INFO:colcon.colcon_core.shell:Creating prefix chain script '/home/serch/puzzlebot_ws/install/setup.ps1'
[1.865s] INFO:colcon.colcon_core.shell:Creating prefix script '/home/serch/puzzlebot_ws/install/local_setup.sh'
[1.865s] INFO:colcon.colcon_core.shell:Creating prefix util module '/home/serch/puzzlebot_ws/install/_local_setup_util_sh.py'
[1.865s] INFO:colcon.colcon_core.shell:Creating prefix chain script '/home/serch/puzzlebot_ws/install/setup.sh'
[1.866s] INFO:colcon.colcon_core.shell:Creating prefix script '/home/serch/puzzlebot_ws/install/local_setup.bash'
[1.866s] INFO:colcon.colcon_core.shell:Creating prefix chain script '/home/serch/puzzlebot_ws/install/setup.bash'
[1.867s] INFO:colcon.colcon_core.shell:Creating prefix script '/home/serch/puzzlebot_ws/install/local_setup.zsh'
[1.867s] INFO:colcon.colcon_core.shell:Creating prefix chain script '/home/serch/puzzlebot_ws/install/setup.zsh'
