running egg_info
writing ../../build/detector_pkg/detector_pkg.egg-info/PKG-INFO
writing dependency_links to ../../build/detector_pkg/detector_pkg.egg-info/dependency_links.txt
writing entry points to ../../build/detector_pkg/detector_pkg.egg-info/entry_points.txt
writing requirements to ../../build/detector_pkg/detector_pkg.egg-info/requires.txt
writing top-level names to ../../build/detector_pkg/detector_pkg.egg-info/top_level.txt
reading manifest file '../../build/detector_pkg/detector_pkg.egg-info/SOURCES.txt'
writing manifest file '../../build/detector_pkg/detector_pkg.egg-info/SOURCES.txt'
running build
running build_py
copying detector_pkg/sign_detector.py -> /home/serch/puzzlebot_ws/build/detector_pkg/build/lib/detector_pkg
copying detector_pkg/traffic_detector.py -> /home/serch/puzzlebot_ws/build/detector_pkg/build/lib/detector_pkg
running install
running install_lib
copying /home/serch/puzzlebot_ws/build/detector_pkg/build/lib/detector_pkg/sign_detector.py -> /home/serch/puzzlebot_ws/install/detector_pkg/lib/python3.10/site-packages/detector_pkg
copying /home/serch/puzzlebot_ws/build/detector_pkg/build/lib/detector_pkg/traffic_detector.py -> /home/serch/puzzlebot_ws/install/detector_pkg/lib/python3.10/site-packages/detector_pkg
byte-compiling /home/serch/puzzlebot_ws/install/detector_pkg/lib/python3.10/site-packages/detector_pkg/sign_detector.py to sign_detector.cpython-310.pyc
byte-compiling /home/serch/puzzlebot_ws/install/detector_pkg/lib/python3.10/site-packages/detector_pkg/traffic_detector.py to traffic_detector.cpython-310.pyc
running install_data
running install_egg_info
removing '/home/serch/puzzlebot_ws/install/detector_pkg/lib/python3.10/site-packages/detector_pkg-0.1.0-py3.10.egg-info' (and everything under it)
Copying ../../build/detector_pkg/detector_pkg.egg-info to /home/serch/puzzlebot_ws/install/detector_pkg/lib/python3.10/site-packages/detector_pkg-0.1.0-py3.10.egg-info
running install_scripts
Installing angular_error_node script to /home/serch/puzzlebot_ws/install/detector_pkg/lib/detector_pkg
Installing debug_visualizer script to /home/serch/puzzlebot_ws/install/detector_pkg/lib/detector_pkg
Installing line_detector script to /home/serch/puzzlebot_ws/install/detector_pkg/lib/detector_pkg
Installing sign_detector script to /home/serch/puzzlebot_ws/install/detector_pkg/lib/detector_pkg
Installing traffic_detector script to /home/serch/puzzlebot_ws/install/detector_pkg/lib/detector_pkg
writing list of installed files to '/home/serch/puzzlebot_ws/build/detector_pkg/install.log'
