running egg_info
creating ../../build/UI/ui_pkg.egg-info
writing ../../build/UI/ui_pkg.egg-info/PKG-INFO
writing dependency_links to ../../build/UI/ui_pkg.egg-info/dependency_links.txt
writing entry points to ../../build/UI/ui_pkg.egg-info/entry_points.txt
writing requirements to ../../build/UI/ui_pkg.egg-info/requires.txt
writing top-level names to ../../build/UI/ui_pkg.egg-info/top_level.txt
writing manifest file '../../build/UI/ui_pkg.egg-info/SOURCES.txt'
reading manifest file '../../build/UI/ui_pkg.egg-info/SOURCES.txt'
writing manifest file '../../build/UI/ui_pkg.egg-info/SOURCES.txt'
running build
running build_py
creating /home/serch/puzzlebot_ws/build/UI/build/lib/ui_pkg
copying ui_pkg/__init__.py -> /home/serch/puzzlebot_ws/build/UI/build/lib/ui_pkg
copying ui_pkg/monitor_UI.py -> /home/serch/puzzlebot_ws/build/UI/build/lib/ui_pkg
running install
running install_lib
creating /home/serch/puzzlebot_ws/install/UI/lib/python3.10/site-packages/ui_pkg
copying /home/serch/puzzlebot_ws/build/UI/build/lib/ui_pkg/__init__.py -> /home/serch/puzzlebot_ws/install/UI/lib/python3.10/site-packages/ui_pkg
copying /home/serch/puzzlebot_ws/build/UI/build/lib/ui_pkg/monitor_UI.py -> /home/serch/puzzlebot_ws/install/UI/lib/python3.10/site-packages/ui_pkg
byte-compiling /home/serch/puzzlebot_ws/install/UI/lib/python3.10/site-packages/ui_pkg/__init__.py to __init__.cpython-310.pyc
byte-compiling /home/serch/puzzlebot_ws/install/UI/lib/python3.10/site-packages/ui_pkg/monitor_UI.py to monitor_UI.cpython-310.pyc
running install_data
