[1.033s] Invoking command in '/home/serch/puzzlebot_ws/src/ui_pkg': PYTHONPATH=/home/serch/puzzlebot_ws/build/UI/prefix_override:/usr/lib/python3/dist-packages/colcon_core/task/python/colcon_distutils_commands:/home/serch/puzzlebot_ws/install/UI/lib/python3.10/site-packages:${PYTHONPATH} /usr/bin/python3 -W ignore:setup.py install is deprecated -W ignore:easy_install command is deprecated setup.py egg_info --egg-base ../../build/UI build --build-base /home/serch/puzzlebot_ws/build/UI/build install --record /home/serch/puzzlebot_ws/build/UI/install.log --single-version-externally-managed install_data
[1.217s] running egg_info
[1.217s] creating ../../build/UI/ui_pkg.egg-info
[1.218s] writing ../../build/UI/ui_pkg.egg-info/PKG-INFO
[1.218s] writing dependency_links to ../../build/UI/ui_pkg.egg-info/dependency_links.txt
[1.218s] writing entry points to ../../build/UI/ui_pkg.egg-info/entry_points.txt
[1.218s] writing requirements to ../../build/UI/ui_pkg.egg-info/requires.txt
[1.218s] writing top-level names to ../../build/UI/ui_pkg.egg-info/top_level.txt
[1.218s] writing manifest file '../../build/UI/ui_pkg.egg-info/SOURCES.txt'
[1.219s] reading manifest file '../../build/UI/ui_pkg.egg-info/SOURCES.txt'
[1.219s] writing manifest file '../../build/UI/ui_pkg.egg-info/SOURCES.txt'
[1.220s] running build
[1.220s] running build_py
[1.220s] creating /home/serch/puzzlebot_ws/build/UI/build/lib/ui_pkg
[1.220s] copying ui_pkg/__init__.py -> /home/serch/puzzlebot_ws/build/UI/build/lib/ui_pkg
[1.220s] copying ui_pkg/monitor_UI.py -> /home/serch/puzzlebot_ws/build/UI/build/lib/ui_pkg
[1.220s] running install
[1.221s] running install_lib
[1.221s] creating /home/serch/puzzlebot_ws/install/UI/lib/python3.10/site-packages/ui_pkg
[1.221s] copying /home/serch/puzzlebot_ws/build/UI/build/lib/ui_pkg/__init__.py -> /home/serch/puzzlebot_ws/install/UI/lib/python3.10/site-packages/ui_pkg
[1.221s] copying /home/serch/puzzlebot_ws/build/UI/build/lib/ui_pkg/monitor_UI.py -> /home/serch/puzzlebot_ws/install/UI/lib/python3.10/site-packages/ui_pkg
[1.221s] byte-compiling /home/serch/puzzlebot_ws/install/UI/lib/python3.10/site-packages/ui_pkg/__init__.py to __init__.cpython-310.pyc
[1.221s] byte-compiling /home/serch/puzzlebot_ws/install/UI/lib/python3.10/site-packages/ui_pkg/monitor_UI.py to monitor_UI.cpython-310.pyc
[1.223s] error: can't copy 'resource/ui_pkg': doesn't exist or not a regular file
[1.223s] running install_data
[1.247s] Invoked command in '/home/serch/puzzlebot_ws/src/ui_pkg' returned '1': PYTHONPATH=/home/serch/puzzlebot_ws/build/UI/prefix_override:/usr/lib/python3/dist-packages/colcon_core/task/python/colcon_distutils_commands:/home/serch/puzzlebot_ws/install/UI/lib/python3.10/site-packages:${PYTHONPATH} /usr/bin/python3 -W ignore:setup.py install is deprecated -W ignore:easy_install command is deprecated setup.py egg_info --egg-base ../../build/UI build --build-base /home/serch/puzzlebot_ws/build/UI/build install --record /home/serch/puzzlebot_ws/build/UI/install.log --single-version-externally-managed install_data
