[1.039s] Invoking command in '/home/serch/puzzlebot_ws/src/UI': PYTHONPATH=/home/serch/puzzlebot_ws/build/UI/prefix_override:/usr/lib/python3/dist-packages/colcon_core/task/python/colcon_distutils_commands:/home/serch/puzzlebot_ws/install/UI/lib/python3.10/site-packages:${PYTHONPATH} /usr/bin/python3 -W ignore:setup.py install is deprecated -W ignore:easy_install command is deprecated setup.py egg_info --egg-base ../../build/UI build --build-base /home/serch/puzzlebot_ws/build/UI/build install --record /home/serch/puzzlebot_ws/build/UI/install.log --single-version-externally-managed install_data
[1.217s] running egg_info
[1.217s] writing ../../build/UI/UI.egg-info/PKG-INFO
[1.217s] writing dependency_links to ../../build/UI/UI.egg-info/dependency_links.txt
[1.217s] writing entry points to ../../build/UI/UI.egg-info/entry_points.txt
[1.217s] writing requirements to ../../build/UI/UI.egg-info/requires.txt
[1.217s] writing top-level names to ../../build/UI/UI.egg-info/top_level.txt
[1.219s] reading manifest file '../../build/UI/UI.egg-info/SOURCES.txt'
[1.219s] writing manifest file '../../build/UI/UI.egg-info/SOURCES.txt'
[1.220s] running build
[1.220s] running build_py
[1.220s] copying UI/monitor_UI.py -> /home/serch/puzzlebot_ws/build/UI/build/lib/UI
[1.220s] running install
[1.220s] running install_lib
[1.220s] copying /home/serch/puzzlebot_ws/build/UI/build/lib/UI/monitor_UI.py -> /home/serch/puzzlebot_ws/install/UI/lib/python3.10/site-packages/UI
[1.221s] byte-compiling /home/serch/puzzlebot_ws/install/UI/lib/python3.10/site-packages/UI/monitor_UI.py to monitor_UI.cpython-310.pyc
[1.222s] running install_data
[1.222s] running install_egg_info
[1.223s] removing '/home/serch/puzzlebot_ws/install/UI/lib/python3.10/site-packages/UI-0.0.0-py3.10.egg-info' (and everything under it)
[1.223s] Copying ../../build/UI/UI.egg-info to /home/serch/puzzlebot_ws/install/UI/lib/python3.10/site-packages/UI-0.0.0-py3.10.egg-info
[1.224s] running install_scripts
[1.238s] Installing monitor_UI script to /home/serch/puzzlebot_ws/install/UI/lib/UI
[1.239s] writing list of installed files to '/home/serch/puzzlebot_ws/build/UI/install.log'
[1.262s] Invoked command in '/home/serch/puzzlebot_ws/src/UI' returned '0': PYTHONPATH=/home/serch/puzzlebot_ws/build/UI/prefix_override:/usr/lib/python3/dist-packages/colcon_core/task/python/colcon_distutils_commands:/home/serch/puzzlebot_ws/install/UI/lib/python3.10/site-packages:${PYTHONPATH} /usr/bin/python3 -W ignore:setup.py install is deprecated -W ignore:easy_install command is deprecated setup.py egg_info --egg-base ../../build/UI build --build-base /home/serch/puzzlebot_ws/build/UI/build install --record /home/serch/puzzlebot_ws/build/UI/install.log --single-version-externally-managed install_data
