[0.083s] DEBUG:colcon:Command line arguments: ['/usr/bin/colcon', 'build']
[0.083s] DEBUG:colcon:Parsed command line arguments: Namespace(log_base=None, log_level=None, verb_name='build', build_base='build', install_base='install', merge_install=False, symlink_install=False, test_result_base=None, continue_on_error=False, executor='parallel', parallel_workers=16, event_handlers=None, ignore_user_meta=False, metas=['./colcon.meta'], base_paths=['.'], packages_ignore=None, packages_ignore_regex=None, paths=None, packages_up_to=None, packages_up_to_regex=None, packages_above=None, packages_above_and_dependencies=None, packages_above_depth=None, packages_select_by_dep=None, packages_skip_by_dep=None, packages_skip_up_to=None, packages_select_build_failed=False, packages_skip_build_finished=False, packages_select_test_failures=False, packages_skip_test_passed=False, packages_select=None, packages_skip=None, packages_select_regex=None, packages_skip_regex=None, packages_start=None, packages_end=None, allow_overriding=[], cmake_args=None, cmake_target=None, cmake_target_skip_unavailable=False, cmake_clean_cache=False, cmake_clean_first=False, cmake_force_configure=False, ament_cmake_args=None, catkin_cmake_args=None, catkin_skip_building_tests=False, mixin_files=None, mixin=None, verb_parser=<colcon_mixin.mixin.mixin_argument.MixinArgumentDecorator object at 0x7e5eeff88610>, verb_extension=<colcon_core.verb.build.BuildVerb object at 0x7e5ef00a15a0>, main=<bound method BuildVerb.main of <colcon_core.verb.build.BuildVerb object at 0x7e5ef00a15a0>>, mixin_verb=('build',))
[0.220s] Level 1:colcon.colcon_core.package_discovery:discover_packages(colcon_meta) check parameters
[0.220s] Level 1:colcon.colcon_core.package_discovery:discover_packages(recursive) check parameters
[0.220s] Level 1:colcon.colcon_core.package_discovery:discover_packages(ignore) check parameters
[0.220s] Level 1:colcon.colcon_core.package_discovery:discover_packages(path) check parameters
[0.220s] Level 1:colcon.colcon_core.package_discovery:discover_packages(colcon_meta) discover
[0.220s] Level 1:colcon.colcon_core.package_discovery:discover_packages(recursive) discover
[0.220s] INFO:colcon.colcon_core.package_discovery:Crawling recursively for packages in '/home/serch/puzzlebot_ws'
[0.220s] Level 1:colcon.colcon_core.package_identification:_identify(.) by extensions ['ignore', 'ignore_ament_install']
[0.221s] Level 1:colcon.colcon_core.package_identification:_identify(.) by extension 'ignore'
[0.221s] Level 1:colcon.colcon_core.package_identification:_identify(.) by extension 'ignore_ament_install'
[0.221s] Level 1:colcon.colcon_core.package_identification:_identify(.) by extensions ['colcon_pkg']
[0.221s] Level 1:colcon.colcon_core.package_identification:_identify(.) by extension 'colcon_pkg'
[0.221s] Level 1:colcon.colcon_core.package_identification:_identify(.) by extensions ['colcon_meta']
[0.221s] Level 1:colcon.colcon_core.package_identification:_identify(.) by extension 'colcon_meta'
[0.221s] Level 1:colcon.colcon_core.package_identification:_identify(.) by extensions ['ros']
[0.221s] Level 1:colcon.colcon_core.package_identification:_identify(.) by extension 'ros'
[0.237s] Level 1:colcon.colcon_core.package_identification:_identify(.) by extensions ['cmake', 'python']
[0.237s] Level 1:colcon.colcon_core.package_identification:_identify(.) by extension 'cmake'
[0.237s] Level 1:colcon.colcon_core.package_identification:_identify(.) by extension 'python'
[0.237s] Level 1:colcon.colcon_core.package_identification:_identify(.) by extensions ['python_setup_py']
[0.237s] Level 1:colcon.colcon_core.package_identification:_identify(.) by extension 'python_setup_py'
[0.237s] Level 1:colcon.colcon_core.package_identification:_identify(build) by extensions ['ignore', 'ignore_ament_install']
[0.237s] Level 1:colcon.colcon_core.package_identification:_identify(build) by extension 'ignore'
[0.237s] Level 1:colcon.colcon_core.package_identification:_identify(build) ignored
[0.237s] Level 1:colcon.colcon_core.package_identification:_identify(install) by extensions ['ignore', 'ignore_ament_install']
[0.237s] Level 1:colcon.colcon_core.package_identification:_identify(install) by extension 'ignore'
[0.237s] Level 1:colcon.colcon_core.package_identification:_identify(install) ignored
[0.238s] Level 1:colcon.colcon_core.package_identification:_identify(log) by extensions ['ignore', 'ignore_ament_install']
[0.238s] Level 1:colcon.colcon_core.package_identification:_identify(log) by extension 'ignore'
[0.238s] Level 1:colcon.colcon_core.package_identification:_identify(log) ignored
[0.238s] Level 1:colcon.colcon_core.package_identification:_identify(src) by extensions ['ignore', 'ignore_ament_install']
[0.238s] Level 1:colcon.colcon_core.package_identification:_identify(src) by extension 'ignore'
[0.238s] Level 1:colcon.colcon_core.package_identification:_identify(src) by extension 'ignore_ament_install'
[0.238s] Level 1:colcon.colcon_core.package_identification:_identify(src) by extensions ['colcon_pkg']
[0.238s] Level 1:colcon.colcon_core.package_identification:_identify(src) by extension 'colcon_pkg'
[0.238s] Level 1:colcon.colcon_core.package_identification:_identify(src) by extensions ['colcon_meta']
[0.238s] Level 1:colcon.colcon_core.package_identification:_identify(src) by extension 'colcon_meta'
[0.238s] Level 1:colcon.colcon_core.package_identification:_identify(src) by extensions ['ros']
[0.238s] Level 1:colcon.colcon_core.package_identification:_identify(src) by extension 'ros'
[0.238s] Level 1:colcon.colcon_core.package_identification:_identify(src) by extensions ['cmake', 'python']
[0.238s] Level 1:colcon.colcon_core.package_identification:_identify(src) by extension 'cmake'
[0.238s] Level 1:colcon.colcon_core.package_identification:_identify(src) by extension 'python'
[0.238s] Level 1:colcon.colcon_core.package_identification:_identify(src) by extensions ['python_setup_py']
[0.238s] Level 1:colcon.colcon_core.package_identification:_identify(src) by extension 'python_setup_py'
[0.238s] Level 1:colcon.colcon_core.package_identification:_identify(src/UI) by extensions ['ignore', 'ignore_ament_install']
[0.238s] Level 1:colcon.colcon_core.package_identification:_identify(src/UI) by extension 'ignore'
[0.238s] Level 1:colcon.colcon_core.package_identification:_identify(src/UI) by extension 'ignore_ament_install'
[0.238s] Level 1:colcon.colcon_core.package_identification:_identify(src/UI) by extensions ['colcon_pkg']
[0.238s] Level 1:colcon.colcon_core.package_identification:_identify(src/UI) by extension 'colcon_pkg'
[0.238s] Level 1:colcon.colcon_core.package_identification:_identify(src/UI) by extensions ['colcon_meta']
[0.238s] Level 1:colcon.colcon_core.package_identification:_identify(src/UI) by extension 'colcon_meta'
[0.238s] Level 1:colcon.colcon_core.package_identification:_identify(src/UI) by extensions ['ros']
[0.238s] Level 1:colcon.colcon_core.package_identification:_identify(src/UI) by extension 'ros'
[0.240s] DEBUG:colcon.colcon_core.package_identification:Package 'src/UI' with type 'ros.ament_python' and name 'UI'
[0.240s] Level 1:colcon.colcon_core.package_identification:_identify(src/assets) by extensions ['ignore', 'ignore_ament_install']
[0.240s] Level 1:colcon.colcon_core.package_identification:_identify(src/assets) by extension 'ignore'
[0.240s] Level 1:colcon.colcon_core.package_identification:_identify(src/assets) by extension 'ignore_ament_install'
[0.240s] Level 1:colcon.colcon_core.package_identification:_identify(src/assets) by extensions ['colcon_pkg']
[0.240s] Level 1:colcon.colcon_core.package_identification:_identify(src/assets) by extension 'colcon_pkg'
[0.240s] Level 1:colcon.colcon_core.package_identification:_identify(src/assets) by extensions ['colcon_meta']
[0.240s] Level 1:colcon.colcon_core.package_identification:_identify(src/assets) by extension 'colcon_meta'
[0.240s] Level 1:colcon.colcon_core.package_identification:_identify(src/assets) by extensions ['ros']
[0.240s] Level 1:colcon.colcon_core.package_identification:_identify(src/assets) by extension 'ros'
[0.241s] Level 1:colcon.colcon_core.package_identification:_identify(src/assets) by extensions ['cmake', 'python']
[0.241s] Level 1:colcon.colcon_core.package_identification:_identify(src/assets) by extension 'cmake'
[0.241s] Level 1:colcon.colcon_core.package_identification:_identify(src/assets) by extension 'python'
[0.241s] Level 1:colcon.colcon_core.package_identification:_identify(src/assets) by extensions ['python_setup_py']
[0.241s] Level 1:colcon.colcon_core.package_identification:_identify(src/assets) by extension 'python_setup_py'
[0.241s] Level 1:colcon.colcon_core.package_identification:_identify(src/control_pkg) by extensions ['ignore', 'ignore_ament_install']
[0.241s] Level 1:colcon.colcon_core.package_identification:_identify(src/control_pkg) by extension 'ignore'
[0.241s] Level 1:colcon.colcon_core.package_identification:_identify(src/control_pkg) by extension 'ignore_ament_install'
[0.241s] Level 1:colcon.colcon_core.package_identification:_identify(src/control_pkg) by extensions ['colcon_pkg']
[0.241s] Level 1:colcon.colcon_core.package_identification:_identify(src/control_pkg) by extension 'colcon_pkg'
[0.241s] Level 1:colcon.colcon_core.package_identification:_identify(src/control_pkg) by extensions ['colcon_meta']
[0.241s] Level 1:colcon.colcon_core.package_identification:_identify(src/control_pkg) by extension 'colcon_meta'
[0.241s] Level 1:colcon.colcon_core.package_identification:_identify(src/control_pkg) by extensions ['ros']
[0.241s] Level 1:colcon.colcon_core.package_identification:_identify(src/control_pkg) by extension 'ros'
[0.242s] DEBUG:colcon.colcon_core.package_identification:Package 'src/control_pkg' with type 'ros.ament_python' and name 'control_pkg'
[0.242s] Level 1:colcon.colcon_core.package_identification:_identify(src/detector_pkg) by extensions ['ignore', 'ignore_ament_install']
[0.242s] Level 1:colcon.colcon_core.package_identification:_identify(src/detector_pkg) by extension 'ignore'
[0.242s] Level 1:colcon.colcon_core.package_identification:_identify(src/detector_pkg) by extension 'ignore_ament_install'
[0.242s] Level 1:colcon.colcon_core.package_identification:_identify(src/detector_pkg) by extensions ['colcon_pkg']
[0.242s] Level 1:colcon.colcon_core.package_identification:_identify(src/detector_pkg) by extension 'colcon_pkg'
[0.242s] Level 1:colcon.colcon_core.package_identification:_identify(src/detector_pkg) by extensions ['colcon_meta']
[0.242s] Level 1:colcon.colcon_core.package_identification:_identify(src/detector_pkg) by extension 'colcon_meta'
[0.242s] Level 1:colcon.colcon_core.package_identification:_identify(src/detector_pkg) by extensions ['ros']
[0.242s] Level 1:colcon.colcon_core.package_identification:_identify(src/detector_pkg) by extension 'ros'
[0.242s] DEBUG:colcon.colcon_core.package_identification:Package 'src/detector_pkg' with type 'ros.ament_python' and name 'detector_pkg'
[0.242s] Level 1:colcon.colcon_core.package_identification:_identify(src/scripts) by extensions ['ignore', 'ignore_ament_install']
[0.243s] Level 1:colcon.colcon_core.package_identification:_identify(src/scripts) by extension 'ignore'
[0.243s] Level 1:colcon.colcon_core.package_identification:_identify(src/scripts) by extension 'ignore_ament_install'
[0.243s] Level 1:colcon.colcon_core.package_identification:_identify(src/scripts) by extensions ['colcon_pkg']
[0.243s] Level 1:colcon.colcon_core.package_identification:_identify(src/scripts) by extension 'colcon_pkg'
[0.243s] Level 1:colcon.colcon_core.package_identification:_identify(src/scripts) by extensions ['colcon_meta']
[0.243s] Level 1:colcon.colcon_core.package_identification:_identify(src/scripts) by extension 'colcon_meta'
[0.243s] Level 1:colcon.colcon_core.package_identification:_identify(src/scripts) by extensions ['ros']
[0.243s] Level 1:colcon.colcon_core.package_identification:_identify(src/scripts) by extension 'ros'
[0.243s] Level 1:colcon.colcon_core.package_identification:_identify(src/scripts) by extensions ['cmake', 'python']
[0.243s] Level 1:colcon.colcon_core.package_identification:_identify(src/scripts) by extension 'cmake'
[0.243s] Level 1:colcon.colcon_core.package_identification:_identify(src/scripts) by extension 'python'
[0.243s] Level 1:colcon.colcon_core.package_identification:_identify(src/scripts) by extensions ['python_setup_py']
[0.243s] Level 1:colcon.colcon_core.package_identification:_identify(src/scripts) by extension 'python_setup_py'
[0.243s] Level 1:colcon.colcon_core.package_discovery:discover_packages(recursive) using defaults
[0.243s] Level 1:colcon.colcon_core.package_discovery:discover_packages(ignore) discover
[0.244s] Level 1:colcon.colcon_core.package_discovery:discover_packages(ignore) using defaults
[0.244s] Level 1:colcon.colcon_core.package_discovery:discover_packages(path) discover
[0.244s] Level 1:colcon.colcon_core.package_discovery:discover_packages(path) using defaults
[0.258s] Level 1:colcon.colcon_core.package_discovery:discover_packages(prefix_path) check parameters
[0.258s] Level 1:colcon.colcon_core.package_discovery:discover_packages(prefix_path) discover
[0.259s] WARNING:colcon.colcon_ros.prefix_path.catkin:The path '/home/serch/VREP' in the environment variable CMAKE_PREFIX_PATH doesn't exist
[0.260s] DEBUG:colcon.colcon_installed_package_information.package_discovery:Found 3 installed packages in /home/serch/puzzlebot_ws/install
[0.260s] DEBUG:colcon.colcon_installed_package_information.package_discovery:Found 2 installed packages in /home/serch/ros2_ws/install
[0.261s] DEBUG:colcon.colcon_installed_package_information.package_discovery:Found 344 installed packages in /opt/ros/humble
[0.263s] Level 1:colcon.colcon_core.package_discovery:discover_packages(prefix_path) using defaults
[0.294s] Level 5:colcon.colcon_core.verb:set package 'UI' build argument 'cmake_args' from command line to 'None'
[0.294s] Level 5:colcon.colcon_core.verb:set package 'UI' build argument 'cmake_target' from command line to 'None'
[0.294s] Level 5:colcon.colcon_core.verb:set package 'UI' build argument 'cmake_target_skip_unavailable' from command line to 'False'
[0.294s] Level 5:colcon.colcon_core.verb:set package 'UI' build argument 'cmake_clean_cache' from command line to 'False'
[0.294s] Level 5:colcon.colcon_core.verb:set package 'UI' build argument 'cmake_clean_first' from command line to 'False'
[0.294s] Level 5:colcon.colcon_core.verb:set package 'UI' build argument 'cmake_force_configure' from command line to 'False'
[0.294s] Level 5:colcon.colcon_core.verb:set package 'UI' build argument 'ament_cmake_args' from command line to 'None'
[0.294s] Level 5:colcon.colcon_core.verb:set package 'UI' build argument 'catkin_cmake_args' from command line to 'None'
[0.294s] Level 5:colcon.colcon_core.verb:set package 'UI' build argument 'catkin_skip_building_tests' from command line to 'False'
[0.294s] DEBUG:colcon.colcon_core.verb:Building package 'UI' with the following arguments: {'ament_cmake_args': None, 'build_base': '/home/serch/puzzlebot_ws/build/UI', 'catkin_cmake_args': None, 'catkin_skip_building_tests': False, 'cmake_args': None, 'cmake_clean_cache': False, 'cmake_clean_first': False, 'cmake_force_configure': False, 'cmake_target': None, 'cmake_target_skip_unavailable': False, 'install_base': '/home/serch/puzzlebot_ws/install/UI', 'merge_install': False, 'path': '/home/serch/puzzlebot_ws/src/UI', 'symlink_install': False, 'test_result_base': None}
[0.294s] Level 5:colcon.colcon_core.verb:set package 'control_pkg' build argument 'cmake_args' from command line to 'None'
[0.295s] Level 5:colcon.colcon_core.verb:set package 'control_pkg' build argument 'cmake_target' from command line to 'None'
[0.295s] Level 5:colcon.colcon_core.verb:set package 'control_pkg' build argument 'cmake_target_skip_unavailable' from command line to 'False'
[0.295s] Level 5:colcon.colcon_core.verb:set package 'control_pkg' build argument 'cmake_clean_cache' from command line to 'False'
[0.295s] Level 5:colcon.colcon_core.verb:set package 'control_pkg' build argument 'cmake_clean_first' from command line to 'False'
[0.295s] Level 5:colcon.colcon_core.verb:set package 'control_pkg' build argument 'cmake_force_configure' from command line to 'False'
[0.295s] Level 5:colcon.colcon_core.verb:set package 'control_pkg' build argument 'ament_cmake_args' from command line to 'None'
[0.295s] Level 5:colcon.colcon_core.verb:set package 'control_pkg' build argument 'catkin_cmake_args' from command line to 'None'
[0.295s] Level 5:colcon.colcon_core.verb:set package 'control_pkg' build argument 'catkin_skip_building_tests' from command line to 'False'
[0.295s] DEBUG:colcon.colcon_core.verb:Building package 'control_pkg' with the following arguments: {'ament_cmake_args': None, 'build_base': '/home/serch/puzzlebot_ws/build/control_pkg', 'catkin_cmake_args': None, 'catkin_skip_building_tests': False, 'cmake_args': None, 'cmake_clean_cache': False, 'cmake_clean_first': False, 'cmake_force_configure': False, 'cmake_target': None, 'cmake_target_skip_unavailable': False, 'install_base': '/home/serch/puzzlebot_ws/install/control_pkg', 'merge_install': False, 'path': '/home/serch/puzzlebot_ws/src/control_pkg', 'symlink_install': False, 'test_result_base': None}
[0.295s] Level 5:colcon.colcon_core.verb:set package 'detector_pkg' build argument 'cmake_args' from command line to 'None'
[0.295s] Level 5:colcon.colcon_core.verb:set package 'detector_pkg' build argument 'cmake_target' from command line to 'None'
[0.295s] Level 5:colcon.colcon_core.verb:set package 'detector_pkg' build argument 'cmake_target_skip_unavailable' from command line to 'False'
[0.295s] Level 5:colcon.colcon_core.verb:set package 'detector_pkg' build argument 'cmake_clean_cache' from command line to 'False'
[0.295s] Level 5:colcon.colcon_core.verb:set package 'detector_pkg' build argument 'cmake_clean_first' from command line to 'False'
[0.295s] Level 5:colcon.colcon_core.verb:set package 'detector_pkg' build argument 'cmake_force_configure' from command line to 'False'
[0.295s] Level 5:colcon.colcon_core.verb:set package 'detector_pkg' build argument 'ament_cmake_args' from command line to 'None'
[0.295s] Level 5:colcon.colcon_core.verb:set package 'detector_pkg' build argument 'catkin_cmake_args' from command line to 'None'
[0.295s] Level 5:colcon.colcon_core.verb:set package 'detector_pkg' build argument 'catkin_skip_building_tests' from command line to 'False'
[0.295s] DEBUG:colcon.colcon_core.verb:Building package 'detector_pkg' with the following arguments: {'ament_cmake_args': None, 'build_base': '/home/serch/puzzlebot_ws/build/detector_pkg', 'catkin_cmake_args': None, 'catkin_skip_building_tests': False, 'cmake_args': None, 'cmake_clean_cache': False, 'cmake_clean_first': False, 'cmake_force_configure': False, 'cmake_target': None, 'cmake_target_skip_unavailable': False, 'install_base': '/home/serch/puzzlebot_ws/install/detector_pkg', 'merge_install': False, 'path': '/home/serch/puzzlebot_ws/src/detector_pkg', 'symlink_install': False, 'test_result_base': None}
[0.295s] INFO:colcon.colcon_core.executor:Executing jobs using 'parallel' executor
[0.296s] DEBUG:colcon.colcon_parallel_executor.executor.parallel:run_until_complete
[0.296s] INFO:colcon.colcon_ros.task.ament_python.build:Building ROS package in '/home/serch/puzzlebot_ws/src/UI' with build type 'ament_python'
[0.296s] Level 1:colcon.colcon_core.shell:create_environment_hook('UI', 'ament_prefix_path')
[0.298s] INFO:colcon.colcon_core.plugin_system:Skipping extension 'colcon_core.shell.bat': Not used on non-Windows systems
[0.298s] INFO:colcon.colcon_core.shell:Creating environment hook '/home/serch/puzzlebot_ws/install/UI/share/UI/hook/ament_prefix_path.ps1'
[0.299s] INFO:colcon.colcon_core.shell:Creating environment descriptor '/home/serch/puzzlebot_ws/install/UI/share/UI/hook/ament_prefix_path.dsv'
[0.299s] INFO:colcon.colcon_core.shell:Creating environment hook '/home/serch/puzzlebot_ws/install/UI/share/UI/hook/ament_prefix_path.sh'
[0.300s] INFO:colcon.colcon_core.shell:Skip shell extension 'powershell' for command environment: Not usable outside of PowerShell
[0.300s] DEBUG:colcon.colcon_core.shell:Skip shell extension 'dsv' for command environment
[0.303s] INFO:colcon.colcon_ros.task.ament_python.build:Building ROS package in '/home/serch/puzzlebot_ws/src/control_pkg' with build type 'ament_python'
[0.303s] Level 1:colcon.colcon_core.shell:create_environment_hook('control_pkg', 'ament_prefix_path')
[0.303s] INFO:colcon.colcon_core.shell:Creating environment hook '/home/serch/puzzlebot_ws/install/control_pkg/share/control_pkg/hook/ament_prefix_path.ps1'
[0.303s] INFO:colcon.colcon_core.shell:Creating environment descriptor '/home/serch/puzzlebot_ws/install/control_pkg/share/control_pkg/hook/ament_prefix_path.dsv'
[0.304s] INFO:colcon.colcon_core.shell:Creating environment hook '/home/serch/puzzlebot_ws/install/control_pkg/share/control_pkg/hook/ament_prefix_path.sh'
[0.304s] INFO:colcon.colcon_core.shell:Skip shell extension 'powershell' for command environment: Not usable outside of PowerShell
[0.304s] DEBUG:colcon.colcon_core.shell:Skip shell extension 'dsv' for command environment
[0.307s] INFO:colcon.colcon_ros.task.ament_python.build:Building ROS package in '/home/serch/puzzlebot_ws/src/detector_pkg' with build type 'ament_python'
[0.307s] Level 1:colcon.colcon_core.shell:create_environment_hook('detector_pkg', 'ament_prefix_path')
[0.307s] INFO:colcon.colcon_core.shell:Creating environment hook '/home/serch/puzzlebot_ws/install/detector_pkg/share/detector_pkg/hook/ament_prefix_path.ps1'
[0.323s] INFO:colcon.colcon_core.shell:Creating environment descriptor '/home/serch/puzzlebot_ws/install/detector_pkg/share/detector_pkg/hook/ament_prefix_path.dsv'
[0.323s] INFO:colcon.colcon_core.shell:Creating environment hook '/home/serch/puzzlebot_ws/install/detector_pkg/share/detector_pkg/hook/ament_prefix_path.sh'
[0.324s] INFO:colcon.colcon_core.shell:Skip shell extension 'powershell' for command environment: Not usable outside of PowerShell
[0.324s] DEBUG:colcon.colcon_core.shell:Skip shell extension 'dsv' for command environment
[0.545s] INFO:colcon.colcon_core.task.python.build:Building Python package in '/home/serch/puzzlebot_ws/src/UI'
[0.545s] INFO:colcon.colcon_core.shell:Skip shell extension 'powershell' for command environment: Not usable outside of PowerShell
[0.545s] DEBUG:colcon.colcon_core.shell:Skip shell extension 'dsv' for command environment
[0.768s] INFO:colcon.colcon_core.task.python.build:Building Python package in '/home/serch/puzzlebot_ws/src/control_pkg'
[0.768s] INFO:colcon.colcon_core.shell:Skip shell extension 'powershell' for command environment: Not usable outside of PowerShell
[0.768s] DEBUG:colcon.colcon_core.shell:Skip shell extension 'dsv' for command environment
[0.985s] INFO:colcon.colcon_core.task.python.build:Building Python package in '/home/serch/puzzlebot_ws/src/detector_pkg'
[0.986s] INFO:colcon.colcon_core.shell:Skip shell extension 'powershell' for command environment: Not usable outside of PowerShell
[0.986s] DEBUG:colcon.colcon_core.shell:Skip shell extension 'dsv' for command environment
[1.392s] DEBUG:colcon.colcon_core.event_handler.log_command:Invoking command in '/home/serch/puzzlebot_ws/src/control_pkg': PYTHONPATH=/home/serch/puzzlebot_ws/build/control_pkg/prefix_override:/usr/lib/python3/dist-packages/colcon_core/task/python/colcon_distutils_commands:/home/serch/puzzlebot_ws/install/control_pkg/lib/python3.10/site-packages:${PYTHONPATH} /usr/bin/python3 -W ignore:setup.py install is deprecated -W ignore:easy_install command is deprecated setup.py egg_info --egg-base ../../build/control_pkg build --build-base /home/serch/puzzlebot_ws/build/control_pkg/build install --record /home/serch/puzzlebot_ws/build/control_pkg/install.log --single-version-externally-managed install_data
[1.398s] DEBUG:colcon.colcon_core.event_handler.log_command:Invoking command in '/home/serch/puzzlebot_ws/src/detector_pkg': PYTHONPATH=/home/serch/puzzlebot_ws/build/detector_pkg/prefix_override:/usr/lib/python3/dist-packages/colcon_core/task/python/colcon_distutils_commands:/home/serch/puzzlebot_ws/install/detector_pkg/lib/python3.10/site-packages:${PYTHONPATH} /usr/bin/python3 -W ignore:setup.py install is deprecated -W ignore:easy_install command is deprecated setup.py egg_info --egg-base ../../build/detector_pkg build --build-base /home/serch/puzzlebot_ws/build/detector_pkg/build install --record /home/serch/puzzlebot_ws/build/detector_pkg/install.log --single-version-externally-managed install_data
[1.411s] DEBUG:colcon.colcon_core.event_handler.log_command:Invoking command in '/home/serch/puzzlebot_ws/src/UI': PYTHONPATH=/home/serch/puzzlebot_ws/build/UI/prefix_override:/usr/lib/python3/dist-packages/colcon_core/task/python/colcon_distutils_commands:/home/serch/puzzlebot_ws/install/UI/lib/python3.10/site-packages:${PYTHONPATH} /usr/bin/python3 -W ignore:setup.py install is deprecated -W ignore:easy_install command is deprecated setup.py egg_info --egg-base ../../build/UI build --build-base /home/serch/puzzlebot_ws/build/UI/build install --record /home/serch/puzzlebot_ws/build/UI/install.log --single-version-externally-managed install_data
[1.650s] DEBUG:colcon.colcon_core.event_handler.log_command:Invoked command in '/home/serch/puzzlebot_ws/src/control_pkg' returned '0': PYTHONPATH=/home/serch/puzzlebot_ws/build/control_pkg/prefix_override:/usr/lib/python3/dist-packages/colcon_core/task/python/colcon_distutils_commands:/home/serch/puzzlebot_ws/install/control_pkg/lib/python3.10/site-packages:${PYTHONPATH} /usr/bin/python3 -W ignore:setup.py install is deprecated -W ignore:easy_install command is deprecated setup.py egg_info --egg-base ../../build/control_pkg build --build-base /home/serch/puzzlebot_ws/build/control_pkg/build install --record /home/serch/puzzlebot_ws/build/control_pkg/install.log --single-version-externally-managed install_data
[1.652s] Level 1:colcon.colcon_core.environment:checking '/home/serch/puzzlebot_ws/install/control_pkg' for CMake module files
[1.653s] Level 1:colcon.colcon_core.environment:checking '/home/serch/puzzlebot_ws/install/control_pkg' for CMake config files
[1.653s] Level 1:colcon.colcon_core.environment:checking '/home/serch/puzzlebot_ws/install/control_pkg/lib'
[1.654s] Level 1:colcon.colcon_core.environment:checking '/home/serch/puzzlebot_ws/install/control_pkg/bin'
[1.654s] Level 1:colcon.colcon_core.environment:checking '/home/serch/puzzlebot_ws/install/control_pkg/lib/pkgconfig/control_pkg.pc'
[1.654s] Level 1:colcon.colcon_core.environment:checking '/home/serch/puzzlebot_ws/install/control_pkg/lib/python3.10/site-packages'
[1.654s] Level 1:colcon.colcon_core.shell:create_environment_hook('control_pkg', 'pythonpath')
[1.654s] INFO:colcon.colcon_core.shell:Creating environment hook '/home/serch/puzzlebot_ws/install/control_pkg/share/control_pkg/hook/pythonpath.ps1'
[1.655s] INFO:colcon.colcon_core.shell:Creating environment descriptor '/home/serch/puzzlebot_ws/install/control_pkg/share/control_pkg/hook/pythonpath.dsv'
[1.655s] INFO:colcon.colcon_core.shell:Creating environment hook '/home/serch/puzzlebot_ws/install/control_pkg/share/control_pkg/hook/pythonpath.sh'
[1.655s] Level 1:colcon.colcon_core.environment:checking '/home/serch/puzzlebot_ws/install/control_pkg/bin'
[1.656s] Level 1:colcon.colcon_core.environment:create_environment_scripts_only(control_pkg)
[1.656s] INFO:colcon.colcon_core.shell:Creating package script '/home/serch/puzzlebot_ws/install/control_pkg/share/control_pkg/package.ps1'
[1.656s] INFO:colcon.colcon_core.shell:Creating package descriptor '/home/serch/puzzlebot_ws/install/control_pkg/share/control_pkg/package.dsv'
[1.657s] INFO:colcon.colcon_core.shell:Creating package script '/home/serch/puzzlebot_ws/install/control_pkg/share/control_pkg/package.sh'
[1.657s] INFO:colcon.colcon_core.shell:Creating package script '/home/serch/puzzlebot_ws/install/control_pkg/share/control_pkg/package.bash'
[1.658s] INFO:colcon.colcon_core.shell:Creating package script '/home/serch/puzzlebot_ws/install/control_pkg/share/control_pkg/package.zsh'
[1.658s] Level 1:colcon.colcon_core.environment:create_file_with_runtime_dependencies(/home/serch/puzzlebot_ws/install/control_pkg/share/colcon-core/packages/control_pkg)
[1.659s] Level 1:colcon.colcon_core.environment:checking '/home/serch/puzzlebot_ws/install/detector_pkg' for CMake module files
[1.660s] DEBUG:colcon.colcon_core.event_handler.log_command:Invoked command in '/home/serch/puzzlebot_ws/src/detector_pkg' returned '0': PYTHONPATH=/home/serch/puzzlebot_ws/build/detector_pkg/prefix_override:/usr/lib/python3/dist-packages/colcon_core/task/python/colcon_distutils_commands:/home/serch/puzzlebot_ws/install/detector_pkg/lib/python3.10/site-packages:${PYTHONPATH} /usr/bin/python3 -W ignore:setup.py install is deprecated -W ignore:easy_install command is deprecated setup.py egg_info --egg-base ../../build/detector_pkg build --build-base /home/serch/puzzlebot_ws/build/detector_pkg/build install --record /home/serch/puzzlebot_ws/build/detector_pkg/install.log --single-version-externally-managed install_data
[1.660s] Level 1:colcon.colcon_core.environment:checking '/home/serch/puzzlebot_ws/install/detector_pkg' for CMake config files
[1.660s] Level 1:colcon.colcon_core.environment:checking '/home/serch/puzzlebot_ws/install/detector_pkg/lib'
[1.660s] Level 1:colcon.colcon_core.environment:checking '/home/serch/puzzlebot_ws/install/detector_pkg/bin'
[1.660s] Level 1:colcon.colcon_core.environment:checking '/home/serch/puzzlebot_ws/install/detector_pkg/lib/pkgconfig/detector_pkg.pc'
[1.661s] Level 1:colcon.colcon_core.environment:checking '/home/serch/puzzlebot_ws/install/detector_pkg/lib/python3.10/site-packages'
[1.661s] Level 1:colcon.colcon_core.shell:create_environment_hook('detector_pkg', 'pythonpath')
[1.661s] INFO:colcon.colcon_core.shell:Creating environment hook '/home/serch/puzzlebot_ws/install/detector_pkg/share/detector_pkg/hook/pythonpath.ps1'
[1.661s] INFO:colcon.colcon_core.shell:Creating environment descriptor '/home/serch/puzzlebot_ws/install/detector_pkg/share/detector_pkg/hook/pythonpath.dsv'
[1.662s] INFO:colcon.colcon_core.shell:Creating environment hook '/home/serch/puzzlebot_ws/install/detector_pkg/share/detector_pkg/hook/pythonpath.sh'
[1.662s] Level 1:colcon.colcon_core.environment:checking '/home/serch/puzzlebot_ws/install/detector_pkg/bin'
[1.662s] Level 1:colcon.colcon_core.environment:create_environment_scripts_only(detector_pkg)
[1.662s] INFO:colcon.colcon_core.shell:Creating package script '/home/serch/puzzlebot_ws/install/detector_pkg/share/detector_pkg/package.ps1'
[1.663s] INFO:colcon.colcon_core.shell:Creating package descriptor '/home/serch/puzzlebot_ws/install/detector_pkg/share/detector_pkg/package.dsv'
[1.663s] INFO:colcon.colcon_core.shell:Creating package script '/home/serch/puzzlebot_ws/install/detector_pkg/share/detector_pkg/package.sh'
[1.663s] INFO:colcon.colcon_core.shell:Creating package script '/home/serch/puzzlebot_ws/install/detector_pkg/share/detector_pkg/package.bash'
[1.664s] INFO:colcon.colcon_core.shell:Creating package script '/home/serch/puzzlebot_ws/install/detector_pkg/share/detector_pkg/package.zsh'
[1.664s] Level 1:colcon.colcon_core.environment:create_file_with_runtime_dependencies(/home/serch/puzzlebot_ws/install/detector_pkg/share/colcon-core/packages/detector_pkg)
[1.670s] Level 1:colcon.colcon_core.environment:checking '/home/serch/puzzlebot_ws/install/UI' for CMake module files
[1.671s] DEBUG:colcon.colcon_core.event_handler.log_command:Invoked command in '/home/serch/puzzlebot_ws/src/UI' returned '0': PYTHONPATH=/home/serch/puzzlebot_ws/build/UI/prefix_override:/usr/lib/python3/dist-packages/colcon_core/task/python/colcon_distutils_commands:/home/serch/puzzlebot_ws/install/UI/lib/python3.10/site-packages:${PYTHONPATH} /usr/bin/python3 -W ignore:setup.py install is deprecated -W ignore:easy_install command is deprecated setup.py egg_info --egg-base ../../build/UI build --build-base /home/serch/puzzlebot_ws/build/UI/build install --record /home/serch/puzzlebot_ws/build/UI/install.log --single-version-externally-managed install_data
[1.671s] Level 1:colcon.colcon_core.environment:checking '/home/serch/puzzlebot_ws/install/UI' for CMake config files
[1.672s] Level 1:colcon.colcon_core.environment:checking '/home/serch/puzzlebot_ws/install/UI/lib'
[1.672s] Level 1:colcon.colcon_core.environment:checking '/home/serch/puzzlebot_ws/install/UI/bin'
[1.672s] Level 1:colcon.colcon_core.environment:checking '/home/serch/puzzlebot_ws/install/UI/lib/pkgconfig/UI.pc'
[1.672s] Level 1:colcon.colcon_core.environment:checking '/home/serch/puzzlebot_ws/install/UI/lib/python3.10/site-packages'
[1.672s] Level 1:colcon.colcon_core.shell:create_environment_hook('UI', 'pythonpath')
[1.672s] INFO:colcon.colcon_core.shell:Creating environment hook '/home/serch/puzzlebot_ws/install/UI/share/UI/hook/pythonpath.ps1'
[1.673s] INFO:colcon.colcon_core.shell:Creating environment descriptor '/home/serch/puzzlebot_ws/install/UI/share/UI/hook/pythonpath.dsv'
[1.673s] INFO:colcon.colcon_core.shell:Creating environment hook '/home/serch/puzzlebot_ws/install/UI/share/UI/hook/pythonpath.sh'
[1.673s] Level 1:colcon.colcon_core.environment:checking '/home/serch/puzzlebot_ws/install/UI/bin'
[1.674s] Level 1:colcon.colcon_core.environment:create_environment_scripts_only(UI)
[1.674s] INFO:colcon.colcon_core.shell:Creating package script '/home/serch/puzzlebot_ws/install/UI/share/UI/package.ps1'
[1.674s] INFO:colcon.colcon_core.shell:Creating package descriptor '/home/serch/puzzlebot_ws/install/UI/share/UI/package.dsv'
[1.675s] INFO:colcon.colcon_core.shell:Creating package script '/home/serch/puzzlebot_ws/install/UI/share/UI/package.sh'
[1.675s] INFO:colcon.colcon_core.shell:Creating package script '/home/serch/puzzlebot_ws/install/UI/share/UI/package.bash'
[1.675s] INFO:colcon.colcon_core.shell:Creating package script '/home/serch/puzzlebot_ws/install/UI/share/UI/package.zsh'
[1.676s] Level 1:colcon.colcon_core.environment:create_file_with_runtime_dependencies(/home/serch/puzzlebot_ws/install/UI/share/colcon-core/packages/UI)
[1.676s] DEBUG:colcon.colcon_parallel_executor.executor.parallel:closing loop
[1.676s] DEBUG:colcon.colcon_parallel_executor.executor.parallel:loop closed
[1.676s] DEBUG:colcon.colcon_parallel_executor.executor.parallel:run_until_complete finished with '0'
[1.676s] DEBUG:colcon.colcon_core.event_reactor:joining thread
[1.681s] INFO:colcon.colcon_core.plugin_system:Skipping extension 'colcon_notification.desktop_notification.terminal_notifier': Not used on non-Darwin systems
[1.681s] INFO:colcon.colcon_core.plugin_system:Skipping extension 'colcon_notification.desktop_notification.win32': Not used on non-Windows systems
[1.681s] INFO:colcon.colcon_notification.desktop_notification:Sending desktop notification using 'notify2'
[1.690s] DEBUG:colcon.colcon_core.event_reactor:joined thread
[1.690s] INFO:colcon.colcon_core.shell:Creating prefix script '/home/serch/puzzlebot_ws/install/local_setup.ps1'
[1.691s] INFO:colcon.colcon_core.shell:Creating prefix util module '/home/serch/puzzlebot_ws/install/_local_setup_util_ps1.py'
[1.692s] INFO:colcon.colcon_core.shell:Creating prefix chain script '/home/serch/puzzlebot_ws/install/setup.ps1'
[1.693s] INFO:colcon.colcon_core.shell:Creating prefix script '/home/serch/puzzlebot_ws/install/local_setup.sh'
[1.693s] INFO:colcon.colcon_core.shell:Creating prefix util module '/home/serch/puzzlebot_ws/install/_local_setup_util_sh.py'
[1.694s] INFO:colcon.colcon_core.shell:Creating prefix chain script '/home/serch/puzzlebot_ws/install/setup.sh'
[1.695s] INFO:colcon.colcon_core.shell:Creating prefix script '/home/serch/puzzlebot_ws/install/local_setup.bash'
[1.695s] INFO:colcon.colcon_core.shell:Creating prefix chain script '/home/serch/puzzlebot_ws/install/setup.bash'
[1.696s] INFO:colcon.colcon_core.shell:Creating prefix script '/home/serch/puzzlebot_ws/install/local_setup.zsh'
[1.696s] INFO:colcon.colcon_core.shell:Creating prefix chain script '/home/serch/puzzlebot_ws/install/setup.zsh'
